rm -f results.xml
make -f Makefile.npu results.xml
make[1]: Entering directory '/home/firatkizilboga/TinyNPU/verification/cocotb'
verilator -cc --exe -Mdir sim_build -DCOCOTB_SIM=1 --top-module tinynpu_top --vpi --public-flat-rw --prefix Vtop -o Vtop -LDFLAGS "-Wl,-rpath,/home/firatkizilboga/.local/lib/python3.13/site-packages/cocotb/libs -L/home/firatkizilboga/.local/lib/python3.13/site-packages/cocotb/libs -lcocotbvpi_verilator" --trace --trace-structs -Wno-fatal -I/home/firatkizilboga/TinyNPU/verification/cocotb/../../rtl --timescale 1ns/1ps /home/firatkizilboga/TinyNPU/verification/cocotb/../../rtl/defines.sv /home/firatkizilboga/TinyNPU/verification/cocotb/../../rtl/unified_buffer.sv /home/firatkizilboga/TinyNPU/verification/cocotb/../../rtl/skewer.sv /home/firatkizilboga/TinyNPU/verification/cocotb/../../rtl/pe.sv /home/firatkizilboga/TinyNPU/verification/cocotb/../../rtl/systolic_array.sv /home/firatkizilboga/TinyNPU/verification/cocotb/../../rtl/ubss.sv /home/firatkizilboga/TinyNPU/verification/cocotb/../../rtl/mmio_interface.sv /home/firatkizilboga/TinyNPU/verification/cocotb/../../rtl/instruction_memory.sv /home/firatkizilboga/TinyNPU/verification/cocotb/../../rtl/control_unit.sv /home/firatkizilboga/TinyNPU/verification/cocotb/../../rtl/control_top.sv /home/firatkizilboga/TinyNPU/verification/cocotb/../../rtl/tinynpu_top.sv /home/firatkizilboga/.local/lib/python3.13/site-packages/cocotb/share/lib/verilator/verilator.cpp
%Warning-WIDTHEXPAND: /home/firatkizilboga/TinyNPU/verification/cocotb/../../rtl/pe.sv:150:45: Operator ADD expects 32 bits on the LHS, but LHS's SIGNED generates 8 bits.
                                                                                             : ... In instance tinynpu_top.u_muscle.u_array.gen_rows[3].gen_cols[3].pe_inst
  150 |                 partial_sum = $signed(p4_0) + $signed(p4_1) + $signed(p4_2) + $signed(p4_3);
      |                                             ^
                      ... For warning description see https://verilator.org/warn/WIDTHEXPAND?v=5.008
                      ... Use "/* verilator lint_off WIDTHEXPAND */" and lint_on around source to disable this message.
%Warning-WIDTHEXPAND: /home/firatkizilboga/TinyNPU/verification/cocotb/../../rtl/pe.sv:150:45: Operator ADD expects 32 bits on the RHS, but RHS's SIGNED generates 8 bits.
                                                                                             : ... In instance tinynpu_top.u_muscle.u_array.gen_rows[3].gen_cols[3].pe_inst
  150 |                 partial_sum = $signed(p4_0) + $signed(p4_1) + $signed(p4_2) + $signed(p4_3);
      |                                             ^
%Warning-WIDTHEXPAND: /home/firatkizilboga/TinyNPU/verification/cocotb/../../rtl/pe.sv:150:61: Operator ADD expects 32 bits on the RHS, but RHS's SIGNED generates 8 bits.
                                                                                             : ... In instance tinynpu_top.u_muscle.u_array.gen_rows[3].gen_cols[3].pe_inst
  150 |                 partial_sum = $signed(p4_0) + $signed(p4_1) + $signed(p4_2) + $signed(p4_3);
      |                                                             ^
%Warning-WIDTHEXPAND: /home/firatkizilboga/TinyNPU/verification/cocotb/../../rtl/pe.sv:150:77: Operator ADD expects 32 bits on the RHS, but RHS's SIGNED generates 8 bits.
                                                                                             : ... In instance tinynpu_top.u_muscle.u_array.gen_rows[3].gen_cols[3].pe_inst
  150 |                 partial_sum = $signed(p4_0) + $signed(p4_1) + $signed(p4_2) + $signed(p4_3);
      |                                                                             ^
%Warning-WIDTHEXPAND: /home/firatkizilboga/TinyNPU/verification/cocotb/../../rtl/pe.sv:166:45: Operator ADD expects 32 bits on the LHS, but LHS's SIGNED generates 16 bits.
                                                                                             : ... In instance tinynpu_top.u_muscle.u_array.gen_rows[3].gen_cols[3].pe_inst
  166 |                 partial_sum = $signed(p8_0) + $signed(p8_1);
      |                                             ^
%Warning-WIDTHEXPAND: /home/firatkizilboga/TinyNPU/verification/cocotb/../../rtl/pe.sv:166:45: Operator ADD expects 32 bits on the RHS, but RHS's SIGNED generates 16 bits.
                                                                                             : ... In instance tinynpu_top.u_muscle.u_array.gen_rows[3].gen_cols[3].pe_inst
  166 |                 partial_sum = $signed(p8_0) + $signed(p8_1);
      |                                             ^
%Warning-WIDTHEXPAND: /home/firatkizilboga/TinyNPU/verification/cocotb/../../rtl/ppu.sv:52:44: Operator ADD expects 64 bits on the RHS, but RHS's SIGNED generates 16 bits.
                                                                                             : ... In instance tinynpu_top.u_muscle.u_ppu
   52 |                     biased_acc = acc_in[i] + $signed(bias_reg[i]);
      |                                            ^
                      /home/firatkizilboga/TinyNPU/verification/cocotb/../../rtl/ubss.sv:171:1: ... note: In file included from ubss.sv
%Warning-WIDTHTRUNC: /home/firatkizilboga/TinyNPU/verification/cocotb/../../rtl/control_unit.sv:235:20: Operator ASSIGN expects 64 bits on the Assign RHS, but Assign RHS's VARREF 'im_rdata' generates 256 bits.
                                                                                                      : ... In instance tinynpu_top.u_brain.u_cu
  235 |           mmvr_out = im_rdata;
      |                    ^
%Warning-WIDTHEXPAND: /home/firatkizilboga/TinyNPU/verification/cocotb/../../rtl/control_unit.sv:330:72: Operator ADD expects 32 or 16 bits on the RHS, but RHS's VARREF 'cycle_cnt' generates 2 bits.
                                                                                                       : ... In instance tinynpu_top.u_brain.u_cu
  330 |         ub_addr   = mm_a_base + (m_idx * mm_k_total * 4) + (k_idx * 4) + cycle_cnt;
      |                                                                        ^
%Warning-WIDTHEXPAND: /home/firatkizilboga/TinyNPU/verification/cocotb/../../rtl/control_unit.sv:331:72: Operator ADD expects 32 or 16 bits on the RHS, but RHS's VARREF 'cycle_cnt' generates 2 bits.
                                                                                                       : ... In instance tinynpu_top.u_brain.u_cu
  331 |         ub_w_addr = mm_b_base + (k_idx * mm_n_total * 4) + (n_idx * 4) + cycle_cnt;
      |                                                                        ^
%Warning-WIDTHEXPAND: /home/firatkizilboga/TinyNPU/verification/cocotb/../../rtl/control_unit.sv:337:50: Operator EQ expects 32 or 3 bits on the LHS, but LHS's VARREF 'cycle_cnt' generates 2 bits.
                                                                                                       : ... In instance tinynpu_top.u_brain.u_cu
  337 |         if (k_idx == mm_k_total - 1 && cycle_cnt == (4 - 1)) begin
      |                                                  ^~
%Warning-WIDTHEXPAND: /home/firatkizilboga/TinyNPU/verification/cocotb/../../rtl/control_unit.sv:342:23: Operator EQ expects 32 or 3 bits on the LHS, but LHS's VARREF 'cycle_cnt' generates 2 bits.
                                                                                                       : ... In instance tinynpu_top.u_brain.u_cu
  342 |         if (cycle_cnt == (4 - 1)) begin
      |                       ^~
%Warning-WIDTHEXPAND: /home/firatkizilboga/TinyNPU/verification/cocotb/../../rtl/control_unit.sv:375:23: Operator EQ expects 32 or 3 bits on the LHS, but LHS's VARREF 'cycle_cnt' generates 2 bits.
                                                                                                       : ... In instance tinynpu_top.u_brain.u_cu
  375 |         if (cycle_cnt == (4 - 1)) begin
      |                       ^~
%Warning-WIDTHEXPAND: /home/firatkizilboga/TinyNPU/verification/cocotb/../../rtl/control_unit.sv:392:79: Operator SUB expects 32 or 16 bits on the RHS, but RHS's VARREF 'cycle_cnt' generates 2 bits.
                                                                                                       : ... In instance tinynpu_top.u_brain.u_cu
  392 |         ub_addr = mm_c_base + (m_idx * mm_n_total * 4) + (n_idx * 4) + (4 - 1 - cycle_cnt);
      |                                                                               ^
%Warning-WIDTHEXPAND: /home/firatkizilboga/TinyNPU/verification/cocotb/../../rtl/control_unit.sv:394:23: Operator EQ expects 32 or 3 bits on the LHS, but LHS's VARREF 'cycle_cnt' generates 2 bits.
                                                                                                       : ... In instance tinynpu_top.u_brain.u_cu
  394 |         if (cycle_cnt == (4 - 1)) begin
      |                       ^~
%Warning-WIDTHTRUNC: /home/firatkizilboga/TinyNPU/verification/cocotb/../../rtl/instruction_memory.sv:42:27: Bit extraction of array[1023:0] requires 10 bit index, not 16 bits.
                                                                                                           : ... In instance tinynpu_top.u_brain.u_im
   42 |                     memory[wr_addr_rel] <= wr_data[256-1:0];
      |                           ^
%Warning-SELRANGE: /home/firatkizilboga/TinyNPU/verification/cocotb/../../rtl/instruction_memory.sv:42:51: Extracting 256 bits from only 64 bit number
                                                                                                         : ... In instance tinynpu_top.u_brain.u_im
   42 |                     memory[wr_addr_rel] <= wr_data[256-1:0];
      |                                                   ^
%Warning-SELRANGE: /home/firatkizilboga/TinyNPU/verification/cocotb/../../rtl/instruction_memory.sv:42:51: Selection index out of range: 255:0 outside 63:0
                                                                                                         : ... In instance tinynpu_top.u_brain.u_im
   42 |                     memory[wr_addr_rel] <= wr_data[256-1:0];
      |                                                   ^
%Warning-WIDTHEXPAND: /home/firatkizilboga/TinyNPU/verification/cocotb/../../rtl/instruction_memory.sv:45:53: Operator SHIFTR expects 32 bits on the LHS, but LHS's VARREF 'wr_addr_rel' generates 16 bits.
                                                                                                            : ... In instance tinynpu_top.u_brain.u_im
   45 |                 automatic int row_idx = wr_addr_rel >> CHUNK_BITS;
      |                                                     ^~
%Warning-WIDTHTRUNC: /home/firatkizilboga/TinyNPU/verification/cocotb/../../rtl/instruction_memory.sv:60:38: Bit extraction of array[1023:0] requires 10 bit index, not 16 bits.
                                                                                                           : ... In instance tinynpu_top.u_brain.u_im
   60 |                     rd_data <= memory[rd_addr_rel];
      |                                      ^
%Warning-WIDTHEXPAND: /home/firatkizilboga/TinyNPU/verification/cocotb/../../rtl/instruction_memory.sv:64:53: Operator SHIFTR expects 32 bits on the LHS, but LHS's VARREF 'rd_addr_rel' generates 16 bits.
                                                                                                            : ... In instance tinynpu_top.u_brain.u_im
   64 |                 automatic int row_idx = rd_addr_rel >> CHUNK_BITS;
      |                                                     ^~
%Warning-WIDTHTRUNC: /home/firatkizilboga/TinyNPU/verification/cocotb/../../rtl/unified_buffer.sv:39:29: Bit extraction of array[8191:0] requires 13 bit index, not 16 bits.
                                                                                                       : ... In instance tinynpu_top.u_muscle.u_buffer
   39 |   assign cu_rd_data = memory[cu_rd_addr];
      |                             ^
%Warning-WIDTHTRUNC: /home/firatkizilboga/TinyNPU/verification/cocotb/../../rtl/unified_buffer.sv:44:13: Bit extraction of array[8191:0] requires 13 bit index, not 16 bits.
                                                                                                       : ... In instance tinynpu_top.u_muscle.u_buffer
   44 |       memory[wr_addr] <= wr_data;
      |             ^
%Warning-WIDTHTRUNC: /home/firatkizilboga/TinyNPU/verification/cocotb/../../rtl/unified_buffer.sv:58:33: Bit extraction of array[8191:0] requires 13 bit index, not 16 bits.
                                                                                                       : ... In instance tinynpu_top.u_muscle.u_buffer
   58 |       input_data       <= memory[input_addr];
      |                                 ^
%Warning-WIDTHTRUNC: /home/firatkizilboga/TinyNPU/verification/cocotb/../../rtl/unified_buffer.sv:61:33: Bit extraction of array[8191:0] requires 13 bit index, not 16 bits.
                                                                                                       : ... In instance tinynpu_top.u_muscle.u_buffer
   61 |       weight_data      <= memory[weight_addr];
      |                                 ^
make -C sim_build  -f Vtop.mk
make[2]: Entering directory '/home/firatkizilboga/TinyNPU/verification/cocotb/sim_build'
g++  -I.  -MMD -I/usr/local/share/verilator/include -I/usr/local/share/verilator/include/vltstd -DVM_COVERAGE=0 -DVM_SC=0 -DVM_TRACE=1 -DVM_TRACE_FST=0 -DVM_TRACE_VCD=1 -faligned-new -fcf-protection=none -Wno-bool-operation -Wno-sign-compare -Wno-uninitialized -Wno-unused-but-set-variable -Wno-unused-parameter -Wno-unused-variable -Wno-shadow       -Os -c -o verilator.o /home/firatkizilboga/.local/lib/python3.13/site-packages/cocotb/share/lib/verilator/verilator.cpp
g++  -I.  -MMD -I/usr/local/share/verilator/include -I/usr/local/share/verilator/include/vltstd -DVM_COVERAGE=0 -DVM_SC=0 -DVM_TRACE=1 -DVM_TRACE_FST=0 -DVM_TRACE_VCD=1 -faligned-new -fcf-protection=none -Wno-bool-operation -Wno-sign-compare -Wno-uninitialized -Wno-unused-but-set-variable -Wno-unused-parameter -Wno-unused-variable -Wno-shadow       -Os -c -o verilated.o /usr/local/share/verilator/include/verilated.cpp
g++  -I.  -MMD -I/usr/local/share/verilator/include -I/usr/local/share/verilator/include/vltstd -DVM_COVERAGE=0 -DVM_SC=0 -DVM_TRACE=1 -DVM_TRACE_FST=0 -DVM_TRACE_VCD=1 -faligned-new -fcf-protection=none -Wno-bool-operation -Wno-sign-compare -Wno-uninitialized -Wno-unused-but-set-variable -Wno-unused-parameter -Wno-unused-variable -Wno-shadow       -Os -c -o verilated_dpi.o /usr/local/share/verilator/include/verilated_dpi.cpp
g++  -I.  -MMD -I/usr/local/share/verilator/include -I/usr/local/share/verilator/include/vltstd -DVM_COVERAGE=0 -DVM_SC=0 -DVM_TRACE=1 -DVM_TRACE_FST=0 -DVM_TRACE_VCD=1 -faligned-new -fcf-protection=none -Wno-bool-operation -Wno-sign-compare -Wno-uninitialized -Wno-unused-but-set-variable -Wno-unused-parameter -Wno-unused-variable -Wno-shadow       -Os -c -o verilated_vpi.o /usr/local/share/verilator/include/verilated_vpi.cpp
g++  -I.  -MMD -I/usr/local/share/verilator/include -I/usr/local/share/verilator/include/vltstd -DVM_COVERAGE=0 -DVM_SC=0 -DVM_TRACE=1 -DVM_TRACE_FST=0 -DVM_TRACE_VCD=1 -faligned-new -fcf-protection=none -Wno-bool-operation -Wno-sign-compare -Wno-uninitialized -Wno-unused-but-set-variable -Wno-unused-parameter -Wno-unused-variable -Wno-shadow       -Os -c -o verilated_vcd_c.o /usr/local/share/verilator/include/verilated_vcd_c.cpp
g++  -I.  -MMD -I/usr/local/share/verilator/include -I/usr/local/share/verilator/include/vltstd -DVM_COVERAGE=0 -DVM_SC=0 -DVM_TRACE=1 -DVM_TRACE_FST=0 -DVM_TRACE_VCD=1 -faligned-new -fcf-protection=none -Wno-bool-operation -Wno-sign-compare -Wno-uninitialized -Wno-unused-but-set-variable -Wno-unused-parameter -Wno-unused-variable -Wno-shadow       -Os -c -o verilated_threads.o /usr/local/share/verilator/include/verilated_threads.cpp
/usr/bin/python3 /usr/local/share/verilator/bin/verilator_includer -DVL_INCLUDE_OPT=include Vtop.cpp Vtop___024root__DepSet_h84412442__0.cpp Vtop___024root__DepSet_heccd7ead__0.cpp Vtop__Dpi.cpp Vtop__Trace__0.cpp Vtop__ConstPool_0.cpp Vtop___024root__Slow.cpp Vtop___024root__DepSet_h84412442__0__Slow.cpp Vtop___024root__DepSet_heccd7ead__0__Slow.cpp Vtop___024unit__Slow.cpp Vtop___024unit__DepSet_hff17caec__0__Slow.cpp Vtop__Syms.cpp Vtop__Trace__0__Slow.cpp > Vtop__ALL.cpp
g++  -I.  -MMD -I/usr/local/share/verilator/include -I/usr/local/share/verilator/include/vltstd -DVM_COVERAGE=0 -DVM_SC=0 -DVM_TRACE=1 -DVM_TRACE_FST=0 -DVM_TRACE_VCD=1 -faligned-new -fcf-protection=none -Wno-bool-operation -Wno-sign-compare -Wno-uninitialized -Wno-unused-but-set-variable -Wno-unused-parameter -Wno-unused-variable -Wno-shadow       -Os -c -o Vtop__ALL.o Vtop__ALL.cpp
echo "" > Vtop__ALL.verilator_deplist.tmp
Archive ar -rcs Vtop__ALL.a Vtop__ALL.o
g++    verilator.o verilated.o verilated_dpi.o verilated_vpi.o verilated_vcd_c.o verilated_threads.o Vtop__ALL.a   -Wl,-rpath,/home/firatkizilboga/.local/lib/python3.13/site-packages/cocotb/libs -L/home/firatkizilboga/.local/lib/python3.13/site-packages/cocotb/libs -lcocotbvpi_verilator  -pthread -lpthread -latomic   -o Vtop
rm Vtop__ALL.verilator_deplist.tmp
make[2]: Leaving directory '/home/firatkizilboga/TinyNPU/verification/cocotb/sim_build'
rm -f results.xml
MODULE=test_npu TESTCASE= TOPLEVEL=tinynpu_top TOPLEVEL_LANG=verilog \
         sim_build/Vtop 
     -.--ns INFO     gpi                                ..mbed/gpi_embed.cpp:76   in set_program_name_in_venv        Did not detect Python virtual environment. Using system-wide Python interpreter
     -.--ns INFO     gpi                                ../gpi/GpiCommon.cpp:101  in gpi_print_registered_impl       VPI registered
     0.00ns INFO     cocotb                             Running on Verilator version 5.008 2023-03-04
     0.00ns INFO     cocotb                             Running tests with cocotb v1.8.1 from /home/firatkizilboga/.local/lib/python3.13/site-packages/cocotb
     0.00ns INFO     cocotb                             Seeding Python random module with 1770761686
     0.00ns INFO     cocotb.regression                  Found test test_npu.test_npu
     0.00ns INFO     cocotb.regression                  running test_npu (1/1)
    40.00ns INFO     cocotb.tinynpu_top                 --- Running NPU Test: bias_test.npu ---
    40.00ns INFO     cocotb.tinynpu_top                 Loading UB (16 words)...
  1800.00ns INFO     cocotb.tinynpu_top                 Loading IM (2 words)...
  2680.00ns INFO     cocotb.tinynpu_top                 Triggering execution at 0x8000...
  3050.00ns INFO     cocotb.tinynpu_top                 Execution finished. Verifying results...
  3650.00ns INFO     cocotb.tinynpu_top                 ✅ Symbol 'Out' matched!
  3650.00ns INFO     cocotb.tinynpu_top                 ✅ All verifications passed!
  3650.00ns INFO     cocotb.regression                  test_npu passed
  3650.00ns INFO     cocotb.regression                  **************************************************************************************
                                                        ** TEST                          STATUS  SIM TIME (ns)  REAL TIME (s)  RATIO (ns/s) **
                                                        **************************************************************************************
                                                        ** test_npu.test_npu              PASS        3650.00           0.02     182413.24  **
                                                        **************************************************************************************
                                                        ** TESTS=1 PASS=1 FAIL=0 SKIP=0               3650.00           0.15      24721.83  **
                                                        **************************************************************************************
                                                        
CU: Cycle State  0 ->  1
CU: Cycle State  1 ->  0
CU: Cycle State  0 ->  1
CU: Cycle State  1 ->  0
CU: Cycle State  0 ->  1
CU: Cycle State  1 ->  0
CU: Cycle State  0 ->  1
CU: Cycle State  1 ->  0
CU: Cycle State  0 ->  1
CU: Cycle State  1 ->  0
CU: Cycle State  0 ->  1
CU: Cycle State  1 ->  0
CU: Cycle State  0 ->  1
CU: Cycle State  1 ->  0
CU: Cycle State  0 ->  1
CU: Cycle State  1 ->  0
CU: Cycle State  0 ->  1
CU: Cycle State  1 ->  0
CU: Cycle State  0 ->  1
CU: Cycle State  1 ->  0
CU: Cycle State  0 ->  1
CU: Cycle State  1 ->  0
CU: Cycle State  0 ->  1
CU: Cycle State  1 ->  0
CU: Cycle State  0 ->  1
CU: Cycle State  1 ->  0
CU: Cycle State  0 ->  1
CU: Cycle State  1 ->  0
CU: Cycle State  0 ->  1
CU: Cycle State  1 ->  0
CU: Cycle State  0 ->  1
CU: Cycle State  1 ->  0
CU: Cycle State  0 ->  1
CU: Cycle State  1 ->  0
CU: Cycle State  0 ->  1
CU: Cycle State  1 ->  0
CU: Cycle State  0 ->  1
CU: Cycle State  1 ->  0
CU: Cycle State  0 ->  1
CU: Cycle State  1 ->  0
CU: Cycle State  0 ->  1
CU: Cycle State  1 ->  0
CU: Cycle State  0 ->  1
CU: Cycle State  1 ->  0
CU: Cycle State  0 ->  1
CU: Cycle State  1 ->  0
CU: Cycle State  0 ->  1
CU: Cycle State  1 ->  0
CU: Cycle State  0 ->  4
CU: Cycle State  4 ->  5
CU: Cycle State  5 ->  7
CU: DECODE PC=8000 Opcode=2
CU: Cycle State  7 ->  8
CU: Cycle State  8 ->  9
CU: Cycle State  9 -> 10
CU: BIAS_REQ at addr=0000
CU: BIAS_REQ at addr=0000
CU: BIAS_REQ at addr=0000
CU: BIAS_REQ at addr=0000
CU: BIAS_REQ at addr=0000
CU: BIAS_REQ at addr=0000
CU: BIAS_REQ at addr=0000
CU: BIAS_REQ at addr=0000
CU: Cycle State 10 -> 11
CU: BIAS_EN high, ub_rdata=005b001b0028005c
CU: BIAS_EN high, ub_rdata=005b001b0028005c
CU: BIAS_REQ at addr=0008
CU: Cycle State 11 -> 12
CU: Cycle State 12 ->  7
CU: Cycle State  7 ->  4
CU: Cycle State  4 ->  5
CU: Cycle State  5 -> 13
CU: DECODE PC=8004 Opcode=1
CU: Cycle State 13 ->  2
CU: Cycle State  2 ->  3
CU: Cycle State  3 ->  2
CU: Cycle State  2 ->  3
CU: Cycle State  3 ->  2
CU: Cycle State  2 ->  3
CU: Cycle State  3 ->  2
CU: Cycle State  2 ->  3
- :0: Verilog $finish
make[1]: Leaving directory '/home/firatkizilboga/TinyNPU/verification/cocotb'
