rm -f results.xml
"make" -f Makefile.systolic results.xml
make[1]: Entering directory '/home/firatkizilboga/TinyNPU/verification/cocotb'
rm -f results.xml
COCOTB_TEST_MODULES=test_systolic COCOTB_TESTCASE= COCOTB_TEST_FILTER= COCOTB_TOPLEVEL=systolic_array TOPLEVEL_LANG=verilog \
         /usr/bin/vvp -M /home/firatkizilboga/.local/lib/python3.13/site-packages/cocotb/libs -m libcocotbvpi_icarus -lx2  sim_build/sim.vvp   
     -.--ns INFO     gpi                                ..mbed/gpi_embed.cpp:93   in _embed_init_python              Using Python 3.13.11 interpreter at /usr/bin/python3
     -.--ns INFO     gpi                                ../gpi/GpiCommon.cpp:79   in gpi_print_registered_impl       VPI registered
     0.00ns INFO     cocotb                             Running on Icarus Verilog version 12.0 (stable)
     0.00ns INFO     cocotb                             Seeding Python random module with 1769093099
     0.00ns INFO     cocotb                             Initialized cocotb v2.0.1 from /home/firatkizilboga/.local/lib/python3.13/site-packages/cocotb
     0.00ns INFO     cocotb                             Running tests
     0.00ns INFO     cocotb.regression                  running test_systolic.test_2x2_matmul_fixed (1/1)
                                                            Test 2x2 matrix multiplication after fix
WARNING: /home/firatkizilboga/TinyNPU/verification/cocotb/../../rtl/pe.sv:95: value is unhandled for priority or unique case statement
         Time: 0  Scope: systolic_array.gen_rows[3].gen_cols[3].pe_inst
WARNING: /home/firatkizilboga/TinyNPU/verification/cocotb/../../rtl/pe.sv:95: value is unhandled for priority or unique case statement
         Time: 0  Scope: systolic_array.gen_rows[3].gen_cols[2].pe_inst
WARNING: /home/firatkizilboga/TinyNPU/verification/cocotb/../../rtl/pe.sv:95: value is unhandled for priority or unique case statement
         Time: 0  Scope: systolic_array.gen_rows[3].gen_cols[1].pe_inst
WARNING: /home/firatkizilboga/TinyNPU/verification/cocotb/../../rtl/pe.sv:95: value is unhandled for priority or unique case statement
         Time: 0  Scope: systolic_array.gen_rows[3].gen_cols[0].pe_inst
WARNING: /home/firatkizilboga/TinyNPU/verification/cocotb/../../rtl/pe.sv:95: value is unhandled for priority or unique case statement
         Time: 0  Scope: systolic_array.gen_rows[2].gen_cols[3].pe_inst
WARNING: /home/firatkizilboga/TinyNPU/verification/cocotb/../../rtl/pe.sv:95: value is unhandled for priority or unique case statement
         Time: 0  Scope: systolic_array.gen_rows[2].gen_cols[2].pe_inst
WARNING: /home/firatkizilboga/TinyNPU/verification/cocotb/../../rtl/pe.sv:95: value is unhandled for priority or unique case statement
         Time: 0  Scope: systolic_array.gen_rows[2].gen_cols[1].pe_inst
WARNING: /home/firatkizilboga/TinyNPU/verification/cocotb/../../rtl/pe.sv:95: value is unhandled for priority or unique case statement
         Time: 0  Scope: systolic_array.gen_rows[2].gen_cols[0].pe_inst
WARNING: /home/firatkizilboga/TinyNPU/verification/cocotb/../../rtl/pe.sv:95: value is unhandled for priority or unique case statement
         Time: 0  Scope: systolic_array.gen_rows[1].gen_cols[3].pe_inst
WARNING: /home/firatkizilboga/TinyNPU/verification/cocotb/../../rtl/pe.sv:95: value is unhandled for priority or unique case statement
         Time: 0  Scope: systolic_array.gen_rows[1].gen_cols[2].pe_inst
WARNING: /home/firatkizilboga/TinyNPU/verification/cocotb/../../rtl/pe.sv:95: value is unhandled for priority or unique case statement
         Time: 0  Scope: systolic_array.gen_rows[1].gen_cols[1].pe_inst
WARNING: /home/firatkizilboga/TinyNPU/verification/cocotb/../../rtl/pe.sv:95: value is unhandled for priority or unique case statement
         Time: 0  Scope: systolic_array.gen_rows[1].gen_cols[0].pe_inst
WARNING: /home/firatkizilboga/TinyNPU/verification/cocotb/../../rtl/pe.sv:95: value is unhandled for priority or unique case statement
         Time: 0  Scope: systolic_array.gen_rows[0].gen_cols[3].pe_inst
WARNING: /home/firatkizilboga/TinyNPU/verification/cocotb/../../rtl/pe.sv:95: value is unhandled for priority or unique case statement
         Time: 0  Scope: systolic_array.gen_rows[0].gen_cols[2].pe_inst
WARNING: /home/firatkizilboga/TinyNPU/verification/cocotb/../../rtl/pe.sv:95: value is unhandled for priority or unique case statement
         Time: 0  Scope: systolic_array.gen_rows[0].gen_cols[1].pe_inst
WARNING: /home/firatkizilboga/TinyNPU/verification/cocotb/../../rtl/pe.sv:95: value is unhandled for priority or unique case statement
         Time: 0  Scope: systolic_array.gen_rows[0].gen_cols[0].pe_inst
WARNING: /home/firatkizilboga/TinyNPU/verification/cocotb/../../rtl/pe.sv:95: value is unhandled for priority or unique case statement
         Time: 0  Scope: systolic_array.gen_rows[3].gen_cols[3].pe_inst
WARNING: /home/firatkizilboga/TinyNPU/verification/cocotb/../../rtl/pe.sv:95: value is unhandled for priority or unique case statement
         Time: 0  Scope: systolic_array.gen_rows[3].gen_cols[2].pe_inst
WARNING: /home/firatkizilboga/TinyNPU/verification/cocotb/../../rtl/pe.sv:95: value is unhandled for priority or unique case statement
         Time: 0  Scope: systolic_array.gen_rows[3].gen_cols[1].pe_inst
WARNING: /home/firatkizilboga/TinyNPU/verification/cocotb/../../rtl/pe.sv:95: value is unhandled for priority or unique case statement
         Time: 0  Scope: systolic_array.gen_rows[3].gen_cols[0].pe_inst
WARNING: /home/firatkizilboga/TinyNPU/verification/cocotb/../../rtl/pe.sv:95: value is unhandled for priority or unique case statement
         Time: 0  Scope: systolic_array.gen_rows[2].gen_cols[3].pe_inst
WARNING: /home/firatkizilboga/TinyNPU/verification/cocotb/../../rtl/pe.sv:95: value is unhandled for priority or unique case statement
         Time: 0  Scope: systolic_array.gen_rows[2].gen_cols[2].pe_inst
WARNING: /home/firatkizilboga/TinyNPU/verification/cocotb/../../rtl/pe.sv:95: value is unhandled for priority or unique case statement
         Time: 0  Scope: systolic_array.gen_rows[2].gen_cols[1].pe_inst
WARNING: /home/firatkizilboga/TinyNPU/verification/cocotb/../../rtl/pe.sv:95: value is unhandled for priority or unique case statement
         Time: 0  Scope: systolic_array.gen_rows[2].gen_cols[0].pe_inst
WARNING: /home/firatkizilboga/TinyNPU/verification/cocotb/../../rtl/pe.sv:95: value is unhandled for priority or unique case statement
         Time: 0  Scope: systolic_array.gen_rows[1].gen_cols[3].pe_inst
WARNING: /home/firatkizilboga/TinyNPU/verification/cocotb/../../rtl/pe.sv:95: value is unhandled for priority or unique case statement
         Time: 0  Scope: systolic_array.gen_rows[1].gen_cols[2].pe_inst
WARNING: /home/firatkizilboga/TinyNPU/verification/cocotb/../../rtl/pe.sv:95: value is unhandled for priority or unique case statement
         Time: 0  Scope: systolic_array.gen_rows[1].gen_cols[1].pe_inst
WARNING: /home/firatkizilboga/TinyNPU/verification/cocotb/../../rtl/pe.sv:95: value is unhandled for priority or unique case statement
         Time: 0  Scope: systolic_array.gen_rows[1].gen_cols[0].pe_inst
WARNING: /home/firatkizilboga/TinyNPU/verification/cocotb/../../rtl/pe.sv:95: value is unhandled for priority or unique case statement
         Time: 0  Scope: systolic_array.gen_rows[0].gen_cols[3].pe_inst
WARNING: /home/firatkizilboga/TinyNPU/verification/cocotb/../../rtl/pe.sv:95: value is unhandled for priority or unique case statement
         Time: 0  Scope: systolic_array.gen_rows[0].gen_cols[2].pe_inst
WARNING: /home/firatkizilboga/TinyNPU/verification/cocotb/../../rtl/pe.sv:95: value is unhandled for priority or unique case statement
         Time: 0  Scope: systolic_array.gen_rows[0].gen_cols[1].pe_inst
WARNING: /home/firatkizilboga/TinyNPU/verification/cocotb/../../rtl/pe.sv:95: value is unhandled for priority or unique case statement
         Time: 0  Scope: systolic_array.gen_rows[0].gen_cols[0].pe_inst
[PE Horizontal] Time=0 Clear
[PE Horizontal] Time=0 Clear
[PE Horizontal] Time=0 Clear
[PE Horizontal] Time=0 Clear
[PE Horizontal] Time=0 Clear
[PE Horizontal] Time=0 Clear
[PE Horizontal] Time=0 Clear
[PE Horizontal] Time=0 Clear
[PE Horizontal] Time=0 Clear
[PE Horizontal] Time=0 Clear
[PE Horizontal] Time=0 Clear
[PE Horizontal] Time=0 Clear
[PE Horizontal] Time=0 Clear
[PE Horizontal] Time=0 Clear
[PE Horizontal] Time=0 Clear
[PE Horizontal] Time=0 Clear
[PE] Time=5000 weight_latch=0x0000 input_latch=0x0000
[PE Acc] Time=5000 accumulator=0x0000000000000000
[PE] Time=5000 weight_latch=0x0000 input_latch=0x0000
[PE Acc] Time=5000 accumulator=0x0000000000000000
[PE] Time=5000 weight_latch=0x0000 input_latch=0x0000
[PE Acc] Time=5000 accumulator=0x0000000000000000
[PE] Time=5000 weight_latch=0x0000 input_latch=0x0000
[PE Acc] Time=5000 accumulator=0x0000000000000000
[PE] Time=5000 weight_latch=0x0000 input_latch=0x0000
[PE Acc] Time=5000 accumulator=0x0000000000000000
[PE] Time=5000 weight_latch=0x0000 input_latch=0x0000
[PE Acc] Time=5000 accumulator=0x0000000000000000
[PE] Time=5000 weight_latch=0x0000 input_latch=0x0000
[PE Acc] Time=5000 accumulator=0x0000000000000000
[PE] Time=5000 weight_latch=0x0000 input_latch=0x0000
[PE Acc] Time=5000 accumulator=0x0000000000000000
[PE] Time=5000 weight_latch=0x0000 input_latch=0x0000
[PE Acc] Time=5000 accumulator=0x0000000000000000
[PE] Time=5000 weight_latch=0x0000 input_latch=0x0000
[PE Acc] Time=5000 accumulator=0x0000000000000000
[PE] Time=5000 weight_latch=0x0000 input_latch=0x0000
[PE Acc] T    10.00ns INFO     cocotb.systolic_array              Testing 2x2 matrix multiplication with skewed injection (FIXED)
ime=5000 accumulator=0x0000000000000000
[PE] Time=5000 weight_latch=0x0000 input_latch=0x0000
[PE Acc] Time=5000 accumulator=0x0000000000000000
[PE] Time=5000 weight_latch=0x0000 input_latch=0x0000
[PE Acc] Time=5000 accumulator=0x0000000000000000
[PE] Time=5000 weight_latch=0x0000 input_latch=0x0000
[PE Acc] Time=5000 accumulator=0x0000000000000000
[PE] Time=5000 weight_latch=0x0000 input_latch=0x0000
[PE Acc] Time=5000 accumulator=0x0000000000000000
[PE] Time=5000 weight_latch=0x0000 input_latch=0x0000
[PE Acc] Time=5000 accumulator=0x0000000000000000
[PE Horizontal] Time=10000 input_latch <= 0x0000 from input_from_left=0x0000
[PE Horizontal] Time=10000 input_latch <= 0x0000 from input_from_left=0x0000
[PE Horizontal] Time=10000 input_latch <= 0x0000 from input_from_left=0x0000
[PE Horizontal] Time=10000 input_latch <= 0x0000 from input_from_left=0x0000
[PE Horizontal] Time=10000 input_latch <= 0x0000 from input_from_left=0x0000
[PE Horizontal] Time=10000 input_latch <= 0x0000 from input_from_left=0x0000
[PE Horizontal] Time=10000 input_latch <= 0x0000 from input_from_left=0x0000
[PE Horizontal] Time=10000 input_latch <= 0x0000 from input_from_left=0x0000
[PE Horizontal] Time=10000 input_latch <= 0x0000 from input_from_left=0x0000
[PE Horizontal] Time=10000 input_latch <= 0x0000 from input_from_left=0x0000
[PE Horizontal] Time=10000 input_latch <= 0x0000 from input_from_left=0x0000
[PE Horizontal] Time=10000 input_latch <= 0x0000 from input_from_left=0x0000
[PE Horizontal] Time=10000 input_latch <= 0x0000 from input_from_left=0x0000
[PE Horizontal] Time=10000 input_latch <= 0x0000 from input_from_left=0x0000
[PE Horizontal] Time=10000 input_latch <= 0x0000 from input_from_left=0x0000
[PE Horizontal] Time=10000 input_latch <= 0x0000 from input_from_left=0x0000
[PE] Time=15000 weight_latch=0x0000 input_latch=0x0000
[PE Acc] Time=15000 accumulator=0x0000000000000000
[PE] Time=15000 weight_latch=0x0000 input_latch=0x0000
[PE Acc] Time=15000 accumulator=0x0000000000000000
[PE] Time=15000 weight_latch=0x0000 input_latch=0x0000
[PE Acc] Time=15000 accumulator=0x0000000000000000
[PE] Time=15000 weight_latch=0x0000 input_latch=0x0000
[PE Acc] Time=15000 accumulator=0x0000000000000000
[PE] Time=15000 weight_latch=0x0000 input_latch=0x0000
[PE Acc] Time=15000 accumulator=0x0000000000000000
[PE] Time=15000 weight_latch=0x0000 input_latch=0x0000
[PE Acc] Time=15000 accumulator=0x0000000000000000
[PE] Time=15000 weight_latch=0x0000 input_latch=0x0000
[PE Acc] Time=15000 accumulator=0x0000000000000000
[PE] Time=15000 weight_latch=0x0000 input_latch=0x0000
[PE Acc] Time=15000 accumulator=0x0000000000000000
[PE] Time=15000 weight_latch=0x0000 input_latch=0x0000
[PE Acc] Time=15000 accumulator=0x0000000000000000
[PE] Time=15000 weight_latch=0x0000 input_latch=0x0000
[PE Acc] Time=15000 accumulator=0x0000000000000000
[PE] Time=15000 weight_latch=0x0000 input_latch=0x0000
[PE Acc] Time=15000 accumulator=0x0000000000000000
[PE] Time=15000 weight_latch=0x0000 input_latch=0x0000
[PE Acc] Time=15000 accumulator=0x0000000000000000
[PE] Time=15000 weight_latch=0x0000 input_latch=0x0000
[PE Acc] Time=15000 accumulator=0x0000000000000000
[PE] Time=15000 weight_latch=0x0000 input_latch=0x0000
[PE Acc] Time=15000 accumulator=0x0000000000000000
[PE] Time=15000 weight_latch=0x0000 input_latch=0x0000
[PE Acc] Time=15000 accumulator=0x0000000000000000
[PE] Time=15000 weight_latch=0x0000 input_latch=0x0000
[PE Acc] Time=15000 accumulator=0x0000000000000000
[PE Horizontal] Time=20000 input_latch <= 0x0000 from input_from_left=0x0000
[PE Horizontal] Time=20000 input_latch <= 0x0000 from input_from_left=0x0000
[PE Horizontal] Time=20000 input_latch <= 0x0000 from input_from_left=0x0000
[PE Horizontal] Time=20000 input_latch <= 0x0000 from input_from_left=0x0000
[PE Horizontal] Time=20000 input_latch <= 0x0000 from input_from_left=0x0000
[PE Horizontal] Time=20000 input_latch <= 0x0000 from input_from_left=0x0000
[PE Horizontal] Time=20000 input_latch <= 0x0000 from input_from_left=0x0000
[PE Horizontal] Time=20000 input_latch <= 0x0000 from input_from_left=0x0000
[PE Horizontal] Time=20000 input_latch <= 0x0000 from input_from_left=0x0000
[PE Horizontal] Time=20000 input_latch <= 0x0000 from input_from_left=0x0000
[PE Horizontal] Time=20000 input_latch <= 0x0000 from input_from_left=0x0000
[PE Horizontal] Time=20000 input_latch <= 0x0000 from input_from_left=0x0000
[PE Horizontal] Time=20000 input_latch <= 0x0000 from input_from_left=0x0000
[PE Horizontal] Time=20000 input_latch <= 0x0000 from input_from_left=0x0000
[PE Horizontal] Time=20000 input_latch <= 0x0000 from input_from_left=0x0000
[PE Horizontal] Time=20000 input_latch <= 0x0001 from input_from_left=0x0001
[PE] Time=25000 weight_latch=0x0005 input_latch=0x0001
[PE Acc] Time=25000 accumulator=0x0000000000000000
[PE] Time=25000 weight_latch=0x0000 input_latch=0x0000
[PE Acc] Time=25000 accumulator=0x0000000000000000
[PE] Time=25000 weight_latch=0x0000 input_latch=0x0000
[PE Acc] Time=25000 accumulator=0x0000000000000000
[PE] Time=25000 weight_latch=0x0000 input_latch=0x0000
[PE Acc] Time=25000 accumulator=0x0000000000000000
[PE] Time=25000 weight_latch=0x0000 input_latch=0x0000
[PE Acc] Time=25000 accumulator=0x0000000000000000
[PE] Time=25000 weight_latch=0x0000 input_latch=0x0000
[PE Acc] Time=25000 accumulator=0x0000000000000000
[PE] Time=25000 weight_latch=0x0000 input_latch=0x0000
[PE Acc] Time=25000 accumulator=0x0000000000000000
[PE] Time=25000 weight_latch=0x0000 input_latch=0x0000
[PE Acc] Time=25000 accumulator=0x0000000000000000
[PE] Time=25000 weight_latch=0x0000 input_latch=0x0000
[PE Acc] Time=25000 accumulator=0x0000000000000000
[PE] Time=25000 weight_latch=0x0000 input_latch=0x0000
[PE Acc] Time=25000 accumulator=0x0000000000000000
[PE] Time=25000 weight_latch=0x0000 input_latch=0x0000
[PE Acc] Time=25000 accumulator=0x0000000000000000
[PE] Time=25000 weight_latch=0x0000 input_latch=0x0000
[PE Acc] Time=25000 accumulator=0x0000000000000000
[PE] Time=25000 weight_latch=0x0000 input_latch=0x0000
[PE Acc] Time=25000 accumulator=0x0000000000000000
[PE] Time=25000 weight_latch=0x0000 input_latch=0x0000
[PE Acc] Time=25000 accumulator=0x0000000000000000
[PE] Time=25000 weight_latch=0x0000 input_latch=0x0000
[PE Acc] Time=25000 accumulator=0x0000000000000000
[PE] Time=25000 weight_latch=0x0000 input_latch=0x0000
[PE Acc] Time=25000 accumulator=0x0000000000000000
[PE Horizontal] Time=30000 input_latch <= 0x0002 from input_from_left=0x0002
[PE Horizontal] Time=30000 input_latch <= 0x0001 from input_from_left=0x0001
[PE Horizontal] Time=30000 input_latch <= 0x0000 from input_from_left=0x0000
[PE Horizontal] Time=30000 input_latch <= 0x0000 from input_from_left=0x0000
[PE Horizontal] Time=30000 input_latch <= 0x0003 from input_from_left=0x0003
[PE Horizontal] Time=30000 input_latch <= 0x0000 from input_from_left=0x0000
[PE Horizontal] Time=30000 input_latch <= 0x0000 from input_from_left=0x0000
[PE Horizontal] Time=30000 input_latch <= 0x0000 from input_from_left=0x0000
[PE Horizontal] Time=30000 input_latch <= 0x0000 from input_from_left=0x0000
[PE Horizontal] Time=30000 input_latch <= 0x0000 from input_from_left=0x0000
[PE Horizontal] Time=30000 input_latch <= 0x0000 from input_from_left=0x0000
[PE Horizontal] Time=30000 input_latch <= 0x0000 from input_from_left=0x0000
[PE Horizontal] Time=30000 input_latch <= 0x0000 from input_from_left=0x0000
[PE Horizontal] Time=30000 input_latch <= 0x0000 from input_from_left=0x0000
[PE Horizontal] Time=30000 input_latch <= 0x0000 from input_from_left=0x0000
[PE Horizontal] Time=30000 input_latch <= 0x0000 from input_from_left=0x0000
[PE] Time=35000 weight_latch=0x0007 input_latch=0x0002
[PE Acc] Time=35000 accumulator=0x0000000000000005
[PE] Time=35000 weight_latch=0x0006 input_latch=0x0001
[PE Acc] Time=35000 accumulator=0x0000000000000000
[PE] Time=35000 weight_latch=0x0000 input_latch=0x0000
[PE Acc] Time=35000 accumulator=0x0000000000000000
[PE] Time=35000 weight_latch=0x0000 input_latch=0x0000
[PE Acc] Time=35000 accumulator=0x0000000000000000
[PE] Time=35000 weight_latch=0x0000 input_latch=0x0003
[PE Acc] Time=35000 accumulator=0x0000000000000000
[PE] Time=35000 weight_latch=0x0000 input_latch=0x0000
[PE Acc] Time=35000 accumulator=0x0000000000000000
[PE] Time=35000 weight_latch=0x0000 input_latch=0x0000
[PE Acc] Time=35000 accumulator=0x0000000000000000
[PE] Time=35000 weight_latch=0x0000 input_latch=0x0000
[PE Acc] Time=35000 accumulator=0x0000000000000000
[PE] Time=35000 weight_latch=0x0000 input_latch=0x0000
[PE Acc] Time=35000 accumulator=0x0000000000000000
[PE] Time=35000 weight_latch=0x0000 input_latch=0x0000
[PE Acc] Time=35000 accumulator=0x0000000000000000
[PE] Time=35000 weight_latch=0x0000 input_latch=0x0000
[PE Acc] Time=35000 accumulator=0x0000000000000000
[PE] Time=35000 weight_latch=0x0000 input_latch=0x0000
[PE Acc] Time=35000 accumulator=0x0000000000000000
[PE] Time=35000 weight_latch=0x0000 input_latch=0x0000
[PE Acc] Time=35000 accumulator=0x0000000000000000
[PE] Time=35000 weight_latch=0x0000 input_latch=0x0000
[PE Acc] Time=35000 accumulator=0x0000000000000000
[PE] Time=35000 weight_latch=0x0000 input_latch=0x0000
[PE Acc] Time=35000 accumulator=0x0000000000000000
[PE] Time=35000 weight_latch=0x0000 input_latch=0x0000
[PE Acc] Time=35000 accumulator=0x0000000000000000
[PE Horizontal] Time=40000 input_latch <= 0x0000 from input_from_left=0x0000
[PE Horizontal] Time=40000 input_latch <= 0x0000 from input_from_left=0x0000
[PE Horizontal] Time=40000 input_latch <= 0x0000 from input_from_left=0x0000
[PE Horizontal] Time=40000 input_latch <= 0x0000 from input_from_left=0x0000
[PE Horizontal] Time=40000 input_latch <= 0x0000 from input_from_left=0x0000
[PE Horizontal] Time=40000 input_latch <= 0x0000 from input_from_left=0x0000
[PE Horizontal] Time=40000 input_latch <= 0x0000 from input_from_left=0x0000
[PE Horizontal] Time=40000 input_latch <= 0x0000 from input_from_left=0x0000
[PE Horizontal] Time=40000 input_latch <= 0x0000 from input_from_left=0x0000
[PE Horizontal] Time=40000 input_latch <= 0x0000 from input_from_left=0x0000
[PE Horizontal] Time=40000 input_latch <= 0x0003 from input_from_left=0x0003
[PE Horizontal] Time=40000 input_latch <= 0x0004 from input_from_left=0x0004
[PE Horizontal] Time=40000 input_latch <= 0x0000 from input_from_left=0x0000
[PE Horizontal] Time=40000 input_latch <= 0x0001 from input_from_left=0x0001
[PE Horizontal] Time=40000 input_latch <= 0x0002 from input_from_left=0x0002
[PE Horizontal] Time=40000 input_latch <= 0x0000 from input_from_left=0x0000
[PE] Time=45000 weight_latch=0x0000 input_latch=0x0000
[PE Acc] Time=45000 accumulator=0x0000000000000013
[PE] Time=45000 weight_latch=0x0008 input_latch=0x0002
[PE Acc] Time=45000 accumulator=0x0000000000000006
[PE] Time=45000 weight_latch=0x0000 input_latch=0x0001
[PE Acc] Time=45000 accumulator=0x0000000000000000
[PE] Time=45000 weight_latch=0x0000 input_latch=0x0000
[PE Acc] Time=45000 accumulator=0x0000000000000000
[PE] Time=45000 weight_latch=0x0005 input_latch=0x0004
[PE Acc] Time=45000 accumulator=0x0000000000000000
[PE] Time=45000 weight_latch=0x0000 input_latch=0x0003
[PE Acc] Time=45000 accumulator=0x0000000000000000
[PE] Time=45000 weight_latch=0x0000 input_latch=0x0000
[PE Acc] Time=45000 accumulator=0x0000000000000000
[PE] Time=45000 weight_latch=0x0000 input_latch=0x0000
[PE Acc] Time=45000 accumulator=0x0000000000000000
[PE] Time=45000 weight_latch=0x0000 input_latch=0x0000
[PE Acc] Time=45000 accumulator=0x0000000000000000
[PE] Time=45000 weight_latch=0x0000 input_latch=0x0000
[PE Acc] Time=45000 accumulator=0x0000000000000000
[PE] Time=45000 weight_latch=0x0000 input_latch=0x0000
[PE Acc] Time=45000 accumulator=0x0000000000000000
[PE] Time=45000 weight_latch=0x0000 input_latch=0x0000
[PE Acc] Time=45000 accumulator=0x0000000000000000
[PE] Time=45000 weight_latch=0x0000 input_latch=0x0000
[PE Acc] Time=45000 accumulator=0x0000000000000000
[PE] Time=45000 weight_latch=0x0000 input_latch=0x0000
[PE Acc] Time=45000 accumulator=0x0000000000000000
[PE] Time=45000 weight_latch=0x0000 input_latch=0x0000
[PE Acc] Time=45000 accumulator=0x0000000000000000
[PE] Time=45000 weight_latch=0x0000 input_latch=0x0000
[PE Acc] Time=45000 accumulator=0x0000000000000000
[PE Horizontal] Time=50000 input_latch <= 0x0000 from input_from_left=0x0000
[PE Horizontal] Time=50000 input_latch <= 0x0000 from input_from_left=0x0000
[PE Horizontal] Time=50000 input_latch <= 0x0002 from input_from_left=0x0002
[PE Horizontal] Time=50000 input_latch <= 0x0001 from input_from_left=0x0001
[PE Horizontal] Time=50000 input_latch <= 0x0000 from input_from_left=0x0000
[PE Horizontal] Time=50000 input_latch <= 0x0004 from input_from_left=0x0004
[PE Horizontal] Time=50000 input_latch <= 0x0003 from input_from_left=0x0003
[PE Horizontal] Time=50000 input_latch <= 0x0000 from input_from_left=0x0000
[PE Horizontal] Time=50000 input_latch <= 0x0000 from input_from_left=0x0000
[PE Horizontal] Time=50000 input_latch <= 0x0000 from input_from_left=0x0000
[PE Horizontal] Time=50000 input_latch <= 0x0000 from input_from_left=0x0000
[PE Horizontal] Time=50000 input_latch <= 0x0000 from input_from_left=0x0000
[PE Horizontal] Time=50000 input_latch <= 0x0000 from input_from_left=0x0000
[PE Horizontal] Time=50000 input_latch <= 0x0000 from input_from_left=0x0000
[PE Horizontal] Time=50000 input_latch <= 0x0000 from input_from_left=0x0000
[PE Horizontal] Time=50000 input_latch <= 0x0000 from input_from_left=0x0000
[PE] Time=55000 weight_latch=0x0000 input_latch=0x0000
[PE Acc] Time=55000 accumulator=0x0000000000000013
[PE] Time=55000 weight_latch=0x0000 input_latch=0x0000
[PE Acc] Time=55000 accumulator=0x0000000000000016
[PE] Time=55000 weight_latch=0x0000 input_latch=0x0002
[PE Acc] Time=55000 accumulator=0x0000000000000000
[PE] Time=55000 weight_latch=0x0000 input_latch=0x0001
[PE Acc] Time=55000 accumulator=0x0000000000000000
[PE] Time=55000 weight_latch=0x0013 input_latch=0x0000
[PE Acc] Time=55000 accumulator=0x0000000000000014
[PE] Time=55000 weight_latch=0x0006 input_latch=0x0004
[PE Acc] Time=55000 accumulator=0x0000000000000000
[PE] Time=55000 weight_latch=0x0000 input_latch=0x0003
[PE Acc] Time=55000 accumulator=0x0000000000000000
[PE] Time=55000 weight_latch=0x0000 input_latch=0x0000
[PE Acc] Time=55000 accumulator=0x0000000000000000
[PE] Time=55000 weight_latch=0x0000 input_latch=0x0000
[PE Acc] Time=55000 accumulator=0x0000000000000000
[PE] Time=55000 weight_latch=0x0000 input_latch=0x0000
[PE Acc] Time=55000 accumulator=0x0000000000000000
[PE] Time=55000 weight_latch=0x0000 input_latch=0x0000
[PE Acc] Time=55000 accumulator=0x0000000000000000
[PE] Time=55000 weight_latch=0x0000 input_latch=0x0000
[PE Acc] Time=55000 accumulator=0x0000000000000000
[PE] Time=55000 weight_latch=0x0000 input_latch=0x0000
[PE Acc] Time=55000 accumulator=0x0000000000000000
[PE] Time=55000 weight_latch=0x0000 input_latch=0x0000
[PE Acc] Time=55000 accumulator=0x0000000000000000
[PE] Time=55000 weight_latch=0x0000 input_latch=0x0000
[PE Acc] Time=55000 accumulator=0x0000000000000000
[PE] Time=55000 weight_latch=0x0000 input_latch=0x0000
[PE Acc] Time=55000 accumulator=0x0000000000000000
[PE Horizontal] Time=60000 input_latch <= 0x0000 from input_from_left=0x0000
[PE Horizontal] Time=60000 input_latch <= 0x0000 from input_from_left=0x0000
[PE Horizontal] Time=60000 input_latch <= 0x0000 from input_from_left=0x0000
[PE Horizontal] Time=60000 input_latch <= 0x0000 from input_from_left=0x0000
[PE Horizontal] Time=60000 input_latch <= 0x0000 from input_from_left=0x0000
[PE Horizontal] Time=60000 input_latch <= 0x0000 from input_from_left=0x0000
[PE Horizontal] Time=60000 input_latch <= 0x0000 from input_from_left=0x0000
[PE Horizontal] Time=60000 input_latch <= 0x0000 from input_from_left=0x0000
[PE Horizontal] Time=60000 input_latch <= 0x0003 from input_from_left=0x0003
[PE Horizontal] Time=60000 input_latch <= 0x0004 from input_from_left=0x0004
[PE Horizontal] Time=60000 input_latch <= 0x0000 from input_from_left=0x0000
[PE Horizontal] Time=60000 input_latch <= 0x0000 from input_from_left=0x0000
[PE Horizontal] Time=60000 input_latch <= 0x0002 from input_from_left=0x0002
[PE Horizontal] Time=60000 input_latch <= 0x0000 from input_from_left=0x0000
[PE Horizontal] Time=60000 input_latch <= 0x0000 from input_from_left=0x0000
[PE Horizontal] Time=60000 input_latch <= 0x0000 from input_from_left=0x0000
[PE] Time=65000 weight_latch=0x0000 input_latch=0x0000
[PE Acc] Time=65000 accumulator=0x0000000000000013
[PE] Time=65000 weight_latch=0x0000 input_latch=0x0000
[PE Acc] Time=65000 accumulator=0x0000000000000016
[PE] Time=65000 weight_latch=0x0000 input_latch=0x0000
[PE Acc] Time=65000 accumulator=0x0000000000000000
[PE] Time=65000 weight_latch=0x0000 input_latch=0x0002
[PE Acc] Time=65000 accumulator=0x0000000000000000
[PE] Time=65000 weight_latch=0x0013 input_latch=0x0000
[PE Acc] Time=65000 accumulator=0x0000000000000014
[PE] Time=65000 weight_latch=0x0016 input_latch=0x0000
[PE Acc] Time=65000 accumulator=0x0000000000000018
[PE] Time=65000 weight_latch=0x0000 input_latch=0x0004
[PE Acc] Time=65000 accumulator=0x0000000000000000
[PE] Time=65000 weight_latch=0x0000 input_latch=0x0003
[PE Acc] Time=65000 accumulator=0x0000000000000000
[PE] Time=65000 weight_latch=0x0014 input_latch=0x0000
[PE Acc] Time=65000 accumulator=0x0000000000000000
[PE] Time=65000 weight_latch=0x0000 input_latch=0x0000
[PE Acc] Time=65000 accumulator=0x0000000000000000
[PE] Time=65000 weight_latch=0x0000 input_latch=0x0000
[PE Acc] Time=65000 accumulator=0x0000000000000000
[PE] Time=65000 weight_latch=0x0000 input_latch=0x0000
[PE Acc] Time=65000 accumulator=0x0000000000000000
[PE] Time=65000 weight_latch=0x0000 input_latch=0x0000
[PE Acc] Time=65000 accumulator=0x0000000000000000
[PE] Time=65000 weight_latch=0x0000 input_latch=0x0000
[PE Acc] Time=65000 accumulator=0x0000000000000000
[PE] Time=65000 weight_latch=0x0000 input_latch=0x0000
[PE Acc] Time=65000 accumulator=0x0000000000000000
[PE] Time=65000 weight_latch=0x0000 input_latch=0x0000
[PE Acc] Time=65000 accumulator=0x0000000000000000
[PE Horizontal] Time=70000 input_latch <= 0x0000 from input_from_left=0x0000
[PE Horizontal] Time=70000 input_latch <= 0x0000 from input_from_left=0x0000
[PE Horizontal] Time=70000 input_latch <= 0x0000 from input_from_left=0x0000
[PE Horizontal] Time=70000 input_latch <= 0x0000 from input_from_left=0x0000
[PE Horizontal] Time=70000 input_latch <= 0x0000 from input_from_left=0x0000
[PE Horizontal] Time=70000 input_latch <= 0x0000 from input_from_left=0x0000
[PE Horizontal] Time=70000 input_latch <= 0x0000 from input_from_left=0x0000
[PE Horizontal] Time=70000 input_latch <= 0x0004 from input_from_left=0x0004
[PE Horizontal] Time=70000 input_latch <= 0x0000 from input_from_left=0x0000
[PE Horizontal] Time=70000 input_latch <= 0x0000 from input_from_left=0x0000
[PE Horizontal] Time=70000 input_latch <= 0x0000 from input_from_left=0x0000
[PE Horizontal] Time=70000 input_latch <= 0x0000 from input_from_left=0x0000
[PE Horizontal] Time=70000 input_latch <= 0x0000 from input_from_left=0x0000
[PE Horizontal] Time=70000 input_latch <= 0x0000 from input_from_left=0x0000
[PE Horizontal] Time=70000 input_latch <= 0x0000 from input_from_left=0x0000
[PE Horizontal] Time=70000 input_latch <= 0x0000 from input_from_left=0x0000
[PE] Time=75000 weight_latch=0x0000 input_latch=0x0000
[PE Acc] Time=75000 accumulator=0x0000000000000013
[PE] Time=75000 weight_latch=0x0000 input_latch=0x0000
[PE Acc] Time=75000 accumulator=0x0000000000000016
[PE] Time=75000 weight_latch=0x0000 input_latch=0x0000
[PE Acc] Time=75000 accumulator=0x0000000000000000
[PE] Time=75000 weight_latch=0x0000 input_latch=0x0000
[PE Acc] Time=75000 accumulator=0x0000000000000000
[PE] Time=75000 weight_latch=0x0013 input_latch=0x0000
[PE Acc] Time=75000 accumulator=0x0000000000000014
[PE] Time=75000 weight_latch=0x0016 input_latch=0x0000
[PE Acc] Time=75000 accumulator=0x0000000000000018
[PE] Time=75000 weight_latch=0x0000 input_latch=0x0000
[PE Acc] Time=75000 accumulator=0x0000000000000000
[PE] Time=75000 weight_latch=0x0000 input_latch=0x0004
[PE Acc] Time=75000 accumulator=0x0000000000000000
[PE] Time=75000 weight_latch=0x0014 input_latch=0x0000
[PE Acc] Time=75000 accumulator=0x0000000000000000
[PE] Time=75000 weight_latch=0x0018 input_latch=0x0000
[PE Acc] Time=75000 accumulator=0x0000000000000000
[PE] Time=75000 weight_latch=0x0000 input_latch=0x0000
[PE Acc] Time=75000 accumulator=0x0000000000000000
[PE] Time=75000 weight_latch=0x0000 input_latch=0x0000
[PE Acc] Time=75000 accumulator=0x0000000000000000
[PE] Time=75000 weight_latch=0x0000 input_latch=0x0000
[PE Acc] Time=75000 accumulator=0x0000000000000000
[PE] Time=75000 weight_latch=0x0000 input_latch=0x0000
[PE Acc] Time=75000 accumulator=0x0000000000000000
[PE] Time=75000 weight_latch=0x0000 input_latch=0x0000
[PE Acc] Time=75000 accumulator=0x0000000000000000
[PE] Time=75000 weight_latch=0x0000 input_latch=0x0000
[PE Acc] Time=75000 accumulator=0x0000000000000000
[PE Horizontal] Time=80000 input_latch <= 0x0000 from input_from_left=0x0000
[PE Horizontal] Time=80000 input_latch <= 0x0000 from input_from_left=0x0000
[PE Horizontal] Time=80000 input_latch <= 0x0000 from input_from_left=0x0000
[PE Horizontal] Time=80000 input_latch <= 0x0000 from input_from_left=0x0000
[PE Horizontal] Time=80000 input_latch <= 0x0000 from input_from_left=0x0000
[PE Horizontal] Time=80000 input_latch <= 0x0000 from input_from_left=0x0000
[PE Horizontal] Time=80000 input_latch <= 0x0000 from input_from_left=0x0000
[PE Horizontal] Time=80000 input_latch <= 0x0000 from input_from_left=0x0000
[PE Horizontal] Time=80000 input_latch <= 0x0000 from input_from_left=0x0000
[PE Horizontal] Time=80000 input_latch <= 0x0000 from input_from_left=0x0000
[PE Horizontal] Time=80000 input_latch <= 0x0000 from input_from_left=0x0000
[PE Horizontal] Time=80000 input_latch <= 0x0000 from input_from_left=0x0000
[PE Horizontal] Time=80000 input_latch <= 0x0000 from input_from_left=0x0000
[PE Horizontal] Time=80000 input_latch <= 0x0000 from input_from_left=0x0000
[PE Horizontal] Time=80000 input_latch <= 0x0000 from input_from_left=0x0000
[PE Horizontal] Time=80000 input_latch <= 0x0000 from input_from_left=0x0000
[PE] Time=85000 weight_latch=0x0000 input_latch=0x0000
[PE Acc] Time=85000 accumulator=0x0000000000000013
[PE] Time=85000 weight_latch=0x0000 input_latch=0x0000
[PE Acc] Time=85000 accumulator=0x0000000000000016
[PE] Time=85000 weight_latch=0x0000 input_latch=0x0000
[PE Acc] Time=85000 accumulator=0x0000000000000000
[PE] Time=85000 weight_latch=0x0000 input_latch=0x0000
[PE Acc] Time=85000 accumulator=0x0000000000000000
[PE] Time=85000 weight_latch=0x0013 input_latch=0x0000
[PE Acc] Time=85000 accumulator=0x0000000000000014
[PE] Time=85000 weight_latch=0x0016 input_latch=0x0000
[PE Acc] Time=85000 accumulator=0x0000000000000018
[PE] Time=85000 weight_latch=0x0000 input_latch=0x0000
[PE Acc] Time=85000 accumulator=0x0000000000000000
[PE] Time=85000 weight_latch=0x0000 input_latch=0x0000
[PE Acc] Time=85000 accumulator=0x0000000000000000
[PE] Time=85000 weight_latch=0x0014 input_latch=0x0000
[PE Acc] Time=85000 accumulator=0x0000000000000000
[PE] Time=85000 weight_latch=0x0018 input_latch=0x0000
[PE Acc] Time=85000 accumulator=0x0000000000000000
[PE] Time=85000 weight_latch=0x0000 input_latch=0x0000
[PE Acc] Time=85000 accumulator=0x0000000000000000
[PE] Time=85000 weight_latch=0x0000 input_latch=0x0000
[PE Acc] Time=85000 accumulator=0x0000000000000000
[PE] Time=85000 weight_latch=0x0000 input_latch=0x0000
[PE Acc] Time=85000 accumulator=0x0000000000000000
[PE] Time=85000 weight_latch=0x0000 input_latch=0x0000
[PE Acc] Time=85000 accumulator=0x0000000000000000
[PE] Time=85000 weight_latch=0x0000 input_latch=0x0000
[PE Acc] Time=85000 accumulator=0x0000000000000000
[PE] Time=85000 weight_latch=0x0000 input_latch=0x0000
[PE Acc] Time=85000 accumulator=0x0000000000000000
[PE Horizontal] Time=90000 input_latch <= 0x0000 from input_from_left=0x0000
[PE Horizontal] Time=90000 input_latch <= 0x0000 from input_from_left=0x0000
[PE Horizontal] Time=90000 input_latch <= 0x0000 from input_from_left=0x0000
[PE Horizontal] Time=90000 input_latch <= 0x0000 from input_from_left=0x0000
[PE Horizontal] Time=90000 input_latch <= 0x0000 from input_from_left=0x0000
[PE Horizontal] Time=90000 input_latch <= 0x0000 from input_from_left=0x0000
[PE Horizontal] Time=90000 input_latch <= 0x0000 from input_from_left=0x0000
[PE Horizontal] Time=90000 input_latch <= 0x0000 from input_from_left=0x0000
[PE Horizontal] Time=90000 input_latch <= 0x0000 from input_from_left=0x0000
[PE Horizontal] Time=90000 input_latch <= 0x0000 from input_from_left=0x0000
[PE Horizontal] Time=90000 input_latch <= 0x0000 from input_from_left=0x0000
[PE Horizontal] Time=90000 input_latch <= 0x0000 from input_from_left=0x0000
[PE Horizontal] Time=90000 input_latch <= 0x0000 from input_from_left=0x0000
[PE Horizontal] Time=90000 input_latch <= 0x0000 from input_from_left=0x0000
[PE Horizontal] Time=90000 input_latch <= 0x0000 from input_from_left=0x0000
[PE Horizontal] Time=90000 input_latch <= 0x0000 from input_from_left=0x0000
[PE] Time=95000 weight_latch=0x0000 input_latch=0x0000
[PE Acc] Time=95000 accumulator=0x0000000000000013
[PE] Time=95000 weight_latch=0x0000 input_latch=0x0000
[PE Acc] Time=95000 accumulator=0x0000000000000016
[PE] Time=95000 weight_latch=0x0000 input_latch=0x0000
[PE Acc] Time=95000 accumulator=0x0000000000000000
[PE] Time=95000 weight_latch=0x0000 input_latch=0x0000
[PE Acc] Time=95000 accumulator=0x0000000000000000
[PE] Time=95000 weight_latch=0x0013 input_latch=0x0000
[PE Acc] Time=95000 accumulator=0x0000000000000014
[PE] Time=95000 weight_latch=0x0016 input_latch=0x0000
[PE Acc] Time=95000 accumulator=0x0000000000000018
[PE] Time=95000 weight_latch=0x0000 input_latch=0x0000
[PE Acc] Time=95000 accumulator=0x0000000000000000
[PE] Time=95000 weight_latch=0x0000 input_latch=0x0000
[PE Acc] Time=95000 accumulator=0x0000000000000000
[PE] Time=95000 weight_latch=0x0014 input_latch=0x0000
[PE Acc] Time=95000 accumulator=0x0000000000000000
[PE] Time=95000 weight_latch=0x0018 input_latch=0x0000
[PE Acc] Time=95000 accumulator=0x0000000000000000
[PE] Time=95000 weight_latch=0x0000 input_latch=0x0000
[PE Acc] Time=95000 accumulator=0x0000000000000000
[PE] Time=95000 weight_latch=0x0000 input_latch=0x0000
[PE Acc] Time=95000 accumulator=0x0000000000000000
[PE] Time=95000 weight_latch=0x0000 input_latch=0x0000
[PE Acc] Time=95000 accumulator=0x0000000000000000
[PE] Time=95000 weight_latch=0x0000 input_latch=0x0000
[PE Acc] Time=95000 accumulator=0x0000000000000000
[PE] Time=95000 weight_latch=0x0000 input_latch=0x0000
[PE Acc] Time=95000 accumulator=0x0000000000000000
[PE] Time=95000 weight_latch=0x0000 input_latch=0x0000
[PE Acc] Time=95000 accumulator=0x0000000000000000
[PE Horizontal] Time=100000 input_latch <= 0x0000 from input_from_left=0x0000
[PE Horizontal] Time=100000 input_latch <= 0x0000 from input_from_left=0x0000
[PE Horizontal] Time=100000 input_latch <= 0x0000 from input_from_left=0x0000
[PE Horizontal] Time=100000 input_latch <= 0x0000 from input_from_left=0x0000
[PE Horizontal] Time=100000 input_latch <= 0x0000 from input_from_left=0x0000
[PE Horizontal] Time=100000 input_latch <= 0x0000 from input_from_left=0x0000
[PE Horizontal] Time=100000 input_latch <= 0x0000 from input_from_left=0x0000
[PE Horizontal] Time=100000 input_latch <= 0x0000 from input_from_left=0x0000
[PE Horizontal] Time=100000 input_latch <= 0x0000 from input_from_left=0x0000
[PE Horizontal] Time=100000 input_latch <= 0x0000 from input_from_left=0x0000
[PE Horizontal] Time=100000 input_latch <= 0x0000 from input_from_left=0x0000
[PE Horizontal] Time=100000 input_latch <= 0x0000 from input_from_left=0x0000
[PE Horizontal] Time=100000 input_latch <= 0x0000 from input_from_left=0x0000
[PE Horizontal] Time=100000 input_latch <= 0x0000 from input_from_left=0x0000
[PE Horizontal] Time=100000 input_latch <= 0x0000 from input_from_left=0x0000
[PE Horizontal] Time=100000 input_latch <= 0x0000 from input_from_left=0x0000
[PE] Time=105000 weight_latch=0x0000 input_latch=0x0000
[PE Acc] Time=105000 accumulator=0x0000000000000013
[PE] Time=105000 weight_latch=0x0000 input_latch=0x0000
[PE Acc] Time=105000 accumulator=0x0000000000000016
[PE] Time=105000 weight_latch=0x0000 input_latch=0x0000
[PE Acc] Time=105000 accumulator=0x0000000000000000
[PE] Time=105000 weight_latch=0x0000 input_latch=0x0000
[PE Acc] Time=105000 accumulator=0x0000000000000000
[PE] Time=105000 weight_latch=0x0013 input_latch=0x0000
[PE Acc] Time=105000 accumulator=0x0000000000000014
[PE] Time=105000 weight_latch=0x0016 input_latch=0x0000
[PE Acc] Time=105000 accumulator=0x0000000000000018
[PE] Time=105000 weight_latch=0x0000 input_latch=0x0000
[PE Acc] Time=105000 accumulator=0x0000000000000000
[PE] Time=105000 weight_latch=0x0000 input_latch=0x0000
[PE Acc] Time=105000 accumulator=0x0000000000000000
[PE] Time=105000 weight_latch=0x0014 input_latch=0x0000
[PE Acc] Time=105000 accumulator=0x0000000000000000
[PE] Time=105000 weight_latch=0x0018 input_latch=0x0000
[PE Acc] Time=105000 accumulator=0x0000000000000000
[PE] Time=105000 weight_latch=0x0000 input_latch=0x0000
[PE Acc] Time=105000 accumulator=0x0000000000000000
[PE] Time=105000 weight_latch=0x0000 input_latch=0x0000
[PE Acc] Time=105000 accumulator=0x0000000000000000
[PE] Time=105000 weight_latch=0x0000 input_latch=0x0000
[PE Acc] Time=105000 accumulator=0x0000000000000000
[PE] Time=105000 weight_latch=0x0000 input_latch=0x0000
[PE Acc] Time=105000 accumulator=0x0000000000000000
[PE] Time=105000 weight_latch=0x0000 input_latch=0x0000
[PE Acc] Time=105000 accumulator=0x0000000000000000
[PE] Time=105000 weight_latch=0x0000 input_latch=0x0000
[PE Acc] Time=105000 accumulator=0x0000000000000000
[PE Horizontal] Time=110000 input_latch <= 0x0000 from input_from_left=0x0000
[PE Horizontal] Time=110000 input_latch <= 0x0000 from input_from_left=0x0000
[PE Horizontal] Time=110000 input_latch <= 0x0000 from input_from_left=0x0000
[PE Horizontal] Time=110000 input_latch <= 0x0000 from input_from_left=0x0000
[PE Horizontal] Time=110000 input_latch <= 0x0000 from input_from_left=0x0000
[PE Horizontal] Time=110000 input_latch <= 0x0000 from input_from_left=0x0000
[PE Horizontal] Time=110000 input_latch <= 0x0000 from input_from_left=0x0000
[PE Horizontal] Time=110000 input_latch <= 0x0000 from input_from_left=0x0000
[PE Horizontal] Time=110000 input_latch <= 0x0000 from input_from_left=0x0000
[PE Horizontal] Time=110000 input_latch <= 0x0000 from input_from_left=0x0000
[PE Horizontal] Time=110000 input_latch <= 0x0000 from input_from_left=0x0000
[PE Horizontal] Time=110000 input_latch <= 0x0000 from input_from_left=0x0000
[PE Horizontal] Time=110000 input_latch <= 0x0000 from input_from_left=0x0000
[PE Horizontal] Time=110000 input_latch <= 0x0000 from input_from_left=0x0000
[PE Horizontal] Time=110000 input_latch <= 0x0000 from input_from_left=0x0000
[PE Horizontal] Time=110000 input_latch <= 0x0000 from input_from_left=0x0000
[PE] Time=115000 weight_latch=0x0000 input_latch=0x0000
[PE Acc] Time=115000 accumulator=0x0000000000000013
[PE] Time=115000 weight_latch=0x0000 input_latch=0x0000
[PE Acc] Time=115000 accumulator=0x0000000000000016
[PE] Time=115000 weight_latch=0x0000 input_latch=0x0000
[PE Acc] Time=115000 accumulator=0x0000000000000000
[PE] Time=115000 weight_latch=0x0000 input_latch=0x0000
[PE Acc] Time=115000 accumulator=0x0000000000000000
[PE] Time=115000 weight_latch=0x0013 input_latch=0x0000
[PE Acc] Time=115000 accumulator=0x0000000000000014
[PE] Time=115000 weight_latch=0x0016 input_latch=0x0000
[PE Acc] Time=115000 accumulator=0x0000000000000018
[PE] Time=115000 weight_latch=0x0000 input_latch=0x0000
[PE Acc] Time=115000 accumulator=0x0000000000000000
[PE] Time=115000 weight_latch=0x0000 input_latch=0x0000
[PE Acc] Time=115000 accumulator=0x0000000000000000
[PE] Time=115000 weight_latch=0x0014 input_latch=0x0000
[PE Acc] Time=115000 accumulator=0x0000000000000000
[PE] Time=115000 weight_latch=0x0018 input_latch=0x0000
[PE Acc] Time=115000 accumulator=0x0000000000000000
[PE] Time=115000 weight_latch=0x0000 input_latch=0x0000
[PE Acc] Time=115000 accumulator=0x0000000000000000
[PE] Time=115000 weight_latch=0x0000 input_latch=0x0000
[PE Acc] Time=115000 accumulator=0x0000000000000000
[PE] Time=115000 weight_latch=0x0000 input_latch=0x0000
[PE Acc] Time=115000 accumulator=0x0000000000000000
[PE] Time=115000 weight_latch=0x0000 input_latch=0x0000
[PE Acc] Time=115000 accumulator=0x0000000000000000
[PE] Time=115000 weight_latch=0x0000 input_latch=0x0000
[PE Acc] Time=115000 accumulator=0x0000000000000000
[PE] Time=115000 weight_latch=0x0000 input_latch=0x0000
[PE Acc] Time=115000 accumulator=0x0000000000000000
[PE Horizontal] Time=120000 input_latch <= 0x0000 from input_from_left=0x0000
[PE Horizontal] Time=120000 input_latch <= 0x0000 from input_from_left=0x0000
[PE Horizontal] Time=120000 input_latch <= 0x0000 from input_from_left=0x0000
[PE Horizontal] Time=120000 input_latch <= 0x0000 from input_from_left=0x0000
[PE Horizontal] Time=120000 input_latch <= 0x0000 from input_from_left=0x0000
[PE Horizontal] Time=120000 input_latch <= 0x0000 from input_from_left=0x0000
[PE Horizontal] Time=120000 input_latch <= 0x0000 from input_from_left=0x0000
[PE Horizontal] Time=120000 input_latch <= 0x0000 from input_from_left=0x0000
[PE Horizontal] Time=120000 input_latch <= 0x0000 from input_from_left=0x0000
[PE Horizontal] Time=120000 input_latch <= 0x0000 from input_from_left=0x0000
[PE Horizontal] Time=120000 input_latch <= 0x0000 from input_from_left=0x0000
[PE Horizontal] Time=120000 input_latch <= 0x0000 from input_from_left=0x0000
[PE Horizontal] Time=120000 input_latch <= 0x0000 from input_from_left=0x0000
[PE Horizontal] Time=120000 input_latch <= 0x0000 from input_from_left=0x0000
[PE Horizontal] Time=120000 input_latch <= 0x0000 from input_from_left=0x0000
[PE Horizontal] Time=120000 input_latch <= 0x0000 from input_from_left=0x0000
[PE] Time=125000 weight_latch=0x0000 input_latch=0x0000
[PE Acc] Time=125000 accumulator=0x0000000000000013
[PE] Time=125000 weight_latch=0x0000 input_latch=0x0000
[PE Acc] Time=125000 accumulator=0x0000000000000016
[PE] Time=125000 weight_latch=0x0000 input_latch=0x0000
[PE Acc] Time=125000 accumulator=0x0000000000000000
[PE] Time=125000 weight_latch=0x0000 input_latch=0x0000
[PE Acc] Time=125000 accumulator=0x0000000000000000
[PE] Time=125000 weight_latch=0x0013 input_latch=0x0000
[PE Acc] Time=125000 accumulator=0x0000000000000014
[PE] Time=125000 weight_latch=0x0016 input_latch=0x0000
[PE Acc] Time=125000 accumulator=0x0000000000000018
[PE] Time=125000 weight_latch=0x0000 input_latch=0x0000
[PE Acc] Time=125000 accumulator=0x0000000000000000
[PE] Time=125000 weight_latch=0x0000 input_latch=0x0000
[PE Acc] Time=125000 accumulator=0x0000000000000000
[PE] Time=125000 weight_latch=0x0014 input_latch=0x0000
[PE Acc] Time=125000 accumulator=0x0000000000000000
[PE] Time=125000 weight_latch=0x0018 input_latch=0x0000
[PE Acc] Time=125000 accumulator=0x0000000000000000
[PE] Time=125000 weight_latch=0x0000 input_latch=0x0000
[PE Acc] Time=125000 accumulator=0x0000000000000000
[PE] Time=125000 weight_latch=0x0000 input_latch=0x0000
[PE Acc] Time=125000 accumulator=0x0000000000000000
[PE] Time=125000 weight_latch=0x0000 input_latch=0x0000
[PE Acc] Time=125000 accumulator=0x0000000000000000
[PE] Time=125000 weight_latch=0x0000 input_latch=0x0000
[PE Acc] Time=125000 accumulator=0x0000000000000000
[PE] Time=125000 weight_latch=0x0000 input_latch=0x0000
[PE Acc] Time=125000 accumulator=0x0000000000000000
[PE] Time=125000 weight_latch=0x0000 input_latch=0x0000
[PE Acc] Time=125000 accumulator=0x0000000000000000
[PE Horizontal] Time=130000 input_latch <= 0x0000 from input_from_left=0x0000
[PE Horizontal] Time=130000 input_latch <= 0x0000 from input_from_left=0x0000
[PE Horizontal] Time=130000 input_latch <= 0x0000 from input_from_left=0x0000
[PE Horizontal] Time=130000 input_latch <= 0x0000 from input_from_left=0x0000
[PE Horizontal] Time=130000 input_latch <= 0x0000 from input_from_left=0x0000
[PE Horizontal] Time=130000 input_latch <= 0x0000 from input_from_left=0x0000
[PE Horizontal] Time=130000 input_latch <= 0x0000 from input_from_left=0x0000
[PE Horizontal] Time=130000 input_latch <= 0x0000 from input_from_left=0x0000
[PE Horizontal] Time=130000 input_latch <= 0x0000 from input_from_left=0x0000
[PE Horizontal] Time=130000 input_latch <= 0x0000 from input_from_left=0x0000
[PE Horizontal] Time=130000 input_latch <= 0x0000 from input_from_left=0x0000
[PE Horizontal] Time=130000 input_latch <= 0x0000 from input_from_left=0x0000
[PE Horizontal] Time=130000 input_latch <= 0x0000 from input_from_left=0x0000
[PE Horizontal] Time=130000 input_latch <= 0x0000 from input_from_left=0x0000
[PE Horizontal] Time=130000 input_latch <= 0x0000 from input_from_left=0x0000
[PE Horizontal] Time=130000 input_latch <= 0x0000 from input_from_left=0x0000
[PE] Time=135000 weight_latch=0x0000 input_latch=0x0000
[PE Acc] Time=135000 accumulator=0x0000000000000013
[PE] Time=135000 weight_latch=0x0000 input_latch=0x0000
[PE Acc] Time=135000 accumulator=0x0000000000000016
[PE] Time=135000 weight_latch=0x0000 input_latch=0x0000
[PE Acc] Time=135000 accumulator=0x0000000000000000
[PE] Time=135000 weight_latch=0x0000 input_latch=0x0000
[PE Acc] Time=135000 accumulator=0x0000000000000000
[PE] Time=135000 weight_latch=0x0013 input_latch=0x0000
[PE Acc] Time=135000 accumulator=0x0000000000000014
[PE] Time=135000 weight_latch=0x0016 input_latch=0x0000
[PE Acc] Time=135000 accumulator=0x0000000000000018
[PE] Time=135000 weight_latch=0x0000 input_latch=0x0000
[PE Acc] Time=135000 accumulator=0x0000000000000000
[PE] Time=135000 weight_latch=0x0000 input_latch=0x0000
[PE Acc] Time=135000 accumulator=0x0000000000000000
[PE] Time=135000 weight_latch=0x0014 input_latch=0x0000
[PE Acc] Time=135000 accumulator=0x0000000000000000
[PE] Time=135000 weight_latch=0x0018 input_latch=0x0000
[PE Acc] Time=135000 accumulator=0x0000000000000000
[PE] Time=135000 weight_latch=0x0000 input_latch=0x0000
[PE Acc] Time=135000 accumulator=0x0000000000000000
[PE] Time=135000 weight_latch=0x0000 input_latch=0x0000
[PE Acc] Time=135000 accumulator=0x0000000000000000
[PE] Time=135000 weight_latch=0x0000 input_latch=0x0000
[PE Acc] Time=135000 accumulator=0x0000000000000000
[PE] Time=135000 weight_latch=0x0000 input_latch=0x0000
[PE Acc] Time=135000 accumulator=0x0000000000000000
[PE] Time=135000 weight_latch=0x0000 input_latch=0x0000
[PE Acc] Time=135000 accumulator=0x0000000000000000
[PE] Time=135000 weight_latch=0x0000 input_latch=0x0000
[PE Acc] Time=135000 accumulator=0x0000000000000000
[PE Horizontal] Time=140000 input_latch <= 0x0000 from input_from_left=0x0000
[PE Horizontal] Time=140000 input_latch <= 0x0000 from input_from_left=0x0000
[PE Horizontal] Time=140000 input_latch <= 0x0000 from input_from_left=0x0000
[PE Horizontal] Time=140000 input_latch <= 0x0000 from input_from_left=0x0000
[PE Horizontal] Time=140000 input_latch <= 0x0000 from input_from_left=0x0000
[PE Horizontal] Time=140000 input_latch <= 0x0000 from input_from_left=0x0000
[PE Horizontal] Time=140000 input_latch <= 0x0000 from input_from_left=0x0000
[PE Horizontal] Time=140000 input_latch <= 0x0000 from input_from_left=0x0000
[PE Horizontal] Time=140000 input_latch <= 0x0000 from input_from_left=0x0000
[PE Horizontal] Time=140000 input_latch <= 0x0000 from input_from_left=0x0000
[PE Horizontal] Time=140000 input_latch <= 0x0000 from input_from_left=0x0000
[PE Horizontal] Time=140000 input_latch <= 0x0000 from input_from_left=0x0000
[PE Horizontal] Time=140000 input_latch <= 0x0000 from input_from_left=0x0000
[PE Horizontal] Time=140000 input_latch <= 0x0000 from input_from_left=0x0000
[PE Horizontal] Time=140000 input_latch <= 0x0000 from input_from_left=0x0000
[PE Horizontal] Time=140000 input_latch <= 0x0000 from input_from_left=0x0000
[PE] Time=145000 weight_latch=0x0000 input_latch=0x0000
[PE Acc] Time=145000 accumulator=0x0000000000000013
[PE] Time=145000 weight_latch=0x0000 input_latch=0x0000
[PE Acc] Time=145000 accumulator=0x0000000000000016
[PE] Time=145000 weight_latch=0x0000 input_latch=0x0000
[PE Acc] Time=145000 accumulator=0x0000000000000000
[PE] Time=145000 weight_latch=0x0000 input_latch=0x0000
[PE Acc] Time=145000 accumulator=0x0000000000000000
[PE] Time=145000 weight_latch=0x0013 input_latch=0x0000
[PE Acc] Time=145000 accumulator=0x0000000000000014
[PE] Time=145000 weight_latch=0x0016 input_latch=0x0000
[PE Acc] Time=145000 accumulator=0x0000000000000018
[PE] Time=145000 weight_latch=0x0000 input_latch=0x0000
[PE Acc] Time=145000 accumulator=0x0000000000000000
[PE] Time=145000 weight_latch=0x0000 input_latch=0x0000
[PE Acc] Time=145000 accumulator=0x0000000000000000
[PE] Time=145000 weight_latch=0x0014 input_latch=0x0000
[PE Acc] Time=145000 accumulator=0x0000000000000000
[PE] Time=145000 weight_latch=0x0018 input_latch=0x0000
[PE Acc] Time=145000 accumulator=0x0000000000000000
[PE] Time=145000 weight_latch=0x0000 input_latch=0x0000
[PE Acc] Time=145000 accumulator=0x0000000000000000
[PE] Time=145000 weight_latch=0x0000 input_latch=0x0000
[PE Acc] Time=145000 accumulator=0x0000000000000000
[PE] Time=145000 weight_latch=0x0000 input_latch=0x0000
[PE Acc] Time=145000 accumulator=0x0000000000000000
[PE] Time=145000 weight_latch=0x0000 input_latch=0x0000
[PE Acc] Time=145000 accumulator=0x0000000000000000
[PE] Time=145000 weight_latch=0x0000 input_latch=0x0000
[PE Acc] Time=145000 accumulator=0x0000000000000000
[PE] Time=145000 weight_latch=0x0000 input_latch=0x0000
[PE Acc] Time=145000 accumulator=0x0000000000000000
[PE Horizontal] Time=150000 input_latch <= 0x0000 from input_from_left=0x0000
[PE Horizontal] Time=150000 input_latch <= 0x0000 from input_from_left=0x0000
[PE Horizontal] Time=150000 input_latch <= 0x0000 from input_from_left=0x0000
[PE Horizontal] Time=150000 input_latch <= 0x0000 from input_from_left=0x0000
[PE Horizontal] Time=150000 input_latch <= 0x0000 from input_from_left=0x0000
[PE Horizontal] Time=150000 input_latch <= 0x0000 from input_from_left=0x0000
[PE Horizontal] Time=150000 input_latch <= 0x0000 from input_from_left=0x0000
[PE Horizontal] Time=150000 input_latch <= 0x0000 from input_from_left=0x0000
[PE Horizontal] Time=150000 input_latch <= 0x0000 from input_from_left=0x0000
[PE Horizontal] Time=150000 input_latch <= 0x0000 from input_from_left=0x0000
[PE Horizontal] Time=150000 input_latch <= 0x0000 from input_from_left=0x0000
[PE Horizontal] Time=150000 input_latch <= 0x0000 from input_from_left=0x0000
[PE Horizontal] Time=150000 input_latch <= 0x0000 from input_from_left=0x0000
[PE Horizontal] Time=150000 input_latch <= 0x0000 from input_from_left=0x0000
[PE Horizontal] Time=150000 input_latch <= 0x0000 from input_from_left=0x0000
[PE Horizontal] Time=150000 input_latch <= 0x0000 from input_from_left=0x0000
[PE] Time=155000 weight_latch=0x0000 input_latch=0x0000
[PE Acc] Time=155000 accumulator=0x0000000000000013
[PE] Time=155000 weight_latch=0x0000 input_latch=0x0000
[PE Acc] Time=155000 accumulator=0x0000000000000016
[PE] Time=155000 weight_latch=0x0000 input_latch=0x0000
[PE Acc] Time=155000 accumulator=0x0000000000000000
[PE] Time=155000 weight_latch=0x0000 input_latch=0x0000
[PE Acc] Time=155000 accumulator=0x0000000000000000
[PE] Time=155000 weight_latch=0x0013 input_latch=0x0000
[PE Acc] Time=155000 accumulator=0x0000000000000014
[PE] Time=155000 weight_latch=0x0016 input_latch=0x0000
[PE Acc] Time=155000 accumulator=0x0000000000000018
[PE] Time=155000 weight_latch=0x0000 input_latch=0x0000
[PE Acc] Time=155000 accumulator=0x0000000000000000
[PE] Time=155000 weight_latch=0x0000 input_latch=0x0000
[PE Acc] Time=155000 accumulator=0x0000000000000000
[PE] Time=155000 weight_latch=0x0014 input_latch=0x0000
[PE Acc] Time=155000 accumulator=0x0000000000000000
[PE] Time=155000 weight_latch=0x0018 input_latch=0x0000
[PE Acc] Time=155000 accumulator=0x0000000000000000
[PE] Time=155000 weight_latch=0x0000 input_latch=0x0000
[PE Acc] Time=155000 accumulator=0x0000000000000000
[PE] Time=155000 weight_latch=0x0000 input_latch=0x0000
[PE Acc] Time=155000 accumulator=0x0000000000000000
[PE] Time=155000 weight_latch=0x0000 input_latch=0x0000
[PE Acc] Time=155000 accumulator=0x0000000000000000
[PE] Time=155000 weight_latch=0x0000 input_latch=0x0000
[PE Acc] Time=155000 accumulator=0x0000000000000000
[PE] Time=155000 weight_latch=0x0000 input_latch=0x0000
[PE Acc] Time=155000 accumulator=0x0000000000000000
[PE] Time=155000 weight_latch=0x0000 input_latch=0x0000
[PE Acc] Time=155000 accumulator=0x0000000000000000
[PE Horizontal] Time=160000 input_latch <= 0x0000 from input_from_left=0x0000
[PE Horizontal] Time=160000 input_latch <= 0x0000 from input_from_left=0x0000
[PE Horizontal] Time=160000 input_latch <= 0x0000 from input_from_left=0x0000
[PE Horizontal] Time=160000 input_latch <= 0x0000 from input_from_left=0x0000
[PE Horizontal] Time=160000 input_latch <= 0x0000 from input_from_left=0x0000
[PE Horizontal] Time=160000 input_latch <= 0x0000 from input_from_left=0x0000
[PE Horizontal] Time=160000 input_latch <= 0x0000 from input_from_left=0x0000
[PE Horizontal] Time=160000 input_latch <= 0x0000 from input_from_left=0x0000
[PE Horizontal] Time=160000 input_latch <= 0x0000 from input_from_left=0x0000
[PE Horizontal] Time=160000 input_latch <= 0x0000 from input_from_left=0x0000
[PE Horizontal] Time=160000 input_latch <= 0x0000 from input_from_left=0x0000
[PE Horizontal] Time=160000 input_latch <= 0x0000 from input_from_left=0x0000
[PE Horizontal] Time=160000 input_latch <= 0x0000 from input_from_left=0x0000
[PE Horizontal] Time=160000 input_latch <= 0x0000 from input_from_left=0x0000
[PE Horizontal] Time=160000 input_latch <= 0x0000 from input_from_left=0x0000
[PE Horizontal] Time=160000 input_latch <= 0x0000 from input_from_left=0x0000
[PE] Time=165000 weight_latch=0x0000 input_latch=0x0000
[PE Acc] Time=165000 accumulator=0x0000000000000013
[PE] Time=165000 weight_latch=0x0000 input_latch=0x0000
[PE Acc] Time=165000 accumulator=0x0000000000000016
[PE] Time=165000 weight_latch=0x0000 input_latch=0x0000
[PE Acc] Time=165000 accumulator=0x0000000000000000
[PE] Time=165000 weight_latch=0x0000 input_latch=0x0000
[PE Acc] Time=165000 accumulator=0x0000000000000000
[PE] Time=165000 weight_latch=0x0013 input_latch=0x0000
[PE Acc] Time=165000 accumulator=0x0000000000000014
[PE] Time=165000 weight_latch=0x0016 input_latch=0x0000
[PE Acc] Time=165000 accumulator=0x0000000000000018
[PE] Time=165000 weight_latch=0x0000 input_latch=0x0000
[PE Acc] Time=165000 accumulator=0x0000000000000000
[PE] Time=165000 weight_latch=0x0000 input_latch=0x0000
[PE Acc] Time=165000 accumulator=0x0000000000000000
[PE] Time=165000 weight_latch=0x0014 input_latch=0x0000
[PE Acc] Time=165000 accumulator=0x0000000000000000
[PE] Time=165000 weight_latch=0x0018 input_latch=0x0000
[PE Acc] Time=165000 accumulator=0x0000000000000000
[PE] Time=165000 weight_latch=0x0000 input_latch=0x0000
[PE Acc] Time=165000 accumulator=0x0000000000000000
[PE] Time=165000 weight_latch=0x0000 input_latch=0x0000
[PE Acc] Time=165000 accumulator=0x0000000000000000
[PE] Time=165000 weight_latch=0x0000 input_latch=0x0000
[PE Acc] Time=165000 accumulator=0x0000000000000000
[PE] Time=165000 weight_latch=0x0000 input_latch=0x0000
[PE Acc] Time=165000 accumulator=0x0000000000000000
[PE] Time=165000 weight_latch=0x0000 input_latch=0x0000
[PE Acc] Time=165000 accumulator=0x0000000000000000
[PE] Time=165000 weight_latch=0x0000 input_latch=0x0000
[PE Acc] Time=165000 accumulator=0x0000000000000000
[PE Horizontal] Time=170000 input_latch <= 0x0000 from input_from_left=0x0000
[PE Horizontal] Time=170000 input_latch <= 0x0000 from input_from_left=0x0000
[PE Horizontal] Time=170000 input_latch <= 0x0000 from input_from_left=0x0000
[PE Horizontal] Time=170000 input_latch <= 0x0000 from input_from_left=0x0000
[PE Horizontal] Time=170000 input_latch <= 0x0000 from input_from_left=0x0000
[PE Horizontal] Time=170000 input_latch <= 0x0000 from input_from_left=0x0000
[PE Horizontal] Time=170000 input_latch <= 0x0000 from input_from_left=0x0000
[PE Horizontal] Time=170000 input_latch <= 0x0000 from input_from_left=0x0000
[PE Horizontal] Time=170000 input_latch <= 0x0000 from input_from_left=0x0000
[PE Horizontal] Time=170000 input_latch <= 0x0000 from input_from_left=0x0000
[PE Horizontal] Time=170000 input_latch <= 0x0000 from input_from_left=0x0000
[PE Horizontal] Time=170000 input_latch <= 0x0000 from input_from_left=0x0000
[PE Horizontal] Time=170000 input_latch <= 0x0000 from input_from_left=0x0000
[PE Horizontal] Time=170000 input_latch <= 0x0000 from input_from_left=0x0000
[PE Horizontal] Time=170000 input_latch <= 0x0000 from input_from_left=0x0000
[PE Horizontal] Time=170000 input_latch <= 0x0000 from input_from_left=0x0000
[PE] Time=175000 weight_latch=0x0000 input_latch=0x0000
[PE Acc] Time=175000 accumulator=0x0000000000000013
[PE] Time=175000 weight_latch=0x0000 input_latch=0x0   180.00ns INFO     cocotb.systolic_array              
                                                        Results:
   180.00ns INFO     cocotb.systolic_array                PE[0][0]: 19 
   180.00ns INFO     cocotb.systolic_array                PE[0][1]: 22 
   180.00ns ERROR    cocotb.systolic_array                PE[1][0]: got 20, expected 43
   180.00ns ERROR    cocotb.systolic_array                PE[1][1]: got 24, expected 50
   180.00ns WARNING  ..tmul_fixed.test_2x2_matmul_fixed Got [[19, 22], [20, 24]], expected [[19, 22], [43, 50]]
                                                        assert False
                                                        Traceback (most recent call last):
                                                          File "/home/firatkizilboga/TinyNPU/verification/cocotb/test_systolic.py", line 88, in test_2x2_matmul_fixed
                                                            assert all_correct, f"Got {C_actual}, expected {C_expected}"
                                                        AssertionError: Got [[19, 22], [20, 24]], expected [[19, 22], [43, 50]]
                                                        assert False
   180.00ns WARNING  cocotb.regression                  test_systolic.test_2x2_matmul_fixed failed
   180.00ns INFO     cocotb.regression                  *********************************************************************************************
                                                        ** TEST                                 STATUS  SIM TIME (ns)  REAL TIME (s)  RATIO (ns/s) **
                                                        *********************************************************************************************
                                                        ** test_systolic.test_2x2_matmul_fixed   FAIL         180.00           0.00      42233.99  **
                                                        *********************************************************************************************
                                                        ** TESTS=1 PASS=0 FAIL=1 SKIP=0                       180.00           0.01      22654.23  **
                                                        *********************************************************************************************
000
[PE Acc] Time=175000 accumulator=0x0000000000000016
[PE] Time=175000 weight_latch=0x0000 input_latch=0x0000
[PE Acc] Time=175000 accumulator=0x0000000000000000
[PE] Time=175000 weight_latch=0x0000 input_latch=0x0000
[PE Acc] Time=175000 accumulator=0x0000000000000000
[PE] Time=175000 weight_latch=0x0013 input_latch=0x0000
[PE Acc] Time=175000 accumulator=0x0000000000000014
[PE] Time=175000 weight_latch=0x0016 input_latch=0x0000
[PE Acc] Time=175000 accumulator=0x0000000000000018
[PE] Time=175000 weight_latch=0x0000 input_latch=0x0000
[PE Acc] Time=175000 accumulator=0x0000000000000000
[PE] Time=175000 weight_latch=0x0000 input_latch=0x0000
[PE Acc] Time=175000 accumulator=0x0000000000000000
[PE] Time=175000 weight_latch=0x0014 input_latch=0x0000
[PE Acc] Time=175000 accumulator=0x0000000000000000
[PE] Time=175000 weight_latch=0x0018 input_latch=0x0000
[PE Acc] Time=175000 accumulator=0x0000000000000000
[PE] Time=175000 weight_latch=0x0000 input_latch=0x0000
[PE Acc] Time=175000 accumulator=0x0000000000000000
[PE] Time=175000 weight_latch=0x0000 input_latch=0x0000
[PE Acc] Time=175000 accumulator=0x0000000000000000
[PE] Time=175000 weight_latch=0x0000 input_latch=0x0000
[PE Acc] Time=175000 accumulator=0x0000000000000000
[PE] Time=175000 weight_latch=0x0000 input_latch=0x0000
[PE Acc] Time=175000 accumulator=0x0000000000000000
[PE] Time=175000 weight_latch=0x0000 input_latch=0x0000
[PE Acc] Time=175000 accumulator=0x0000000000000000
[PE] Time=175000 weight_latch=0x0000 input_latch=0x0000
[PE Acc] Time=175000 accumulator=0x0000000000000000
[PE Horizontal] Time=180000 input_latch <= 0x0000 from input_from_left=0x0000
[PE Horizontal] Time=180000 input_latch <= 0x0000 from input_from_left=0x0000
[PE Horizontal] Time=180000 input_latch <= 0x0000 from input_from_left=0x0000
[PE Horizontal] Time=180000 input_latch <= 0x0000 from input_from_left=0x0000
[PE Horizontal] Time=180000 input_latch <= 0x0000 from input_from_left=0x0000
[PE Horizontal] Time=180000 input_latch <= 0x0000 from input_from_left=0x0000
[PE Horizontal] Time=180000 input_latch <= 0x0000 from input_from_left=0x0000
[PE Horizontal] Time=180000 input_latch <= 0x0000 from input_from_left=0x0000
[PE Horizontal] Time=180000 input_latch <= 0x0000 from input_from_left=0x0000
[PE Horizontal] Time=180000 input_latch <= 0x0000 from input_from_left=0x0000
[PE Horizontal] Time=180000 input_latch <= 0x0000 from input_from_left=0x0000
[PE Horizontal] Time=180000 input_latch <= 0x0000 from input_from_left=0x0000
[PE Horizontal] Time=180000 input_latch <= 0x0000 from input_from_left=0x0000
[PE Horizontal] Time=180000 input_latch <= 0x0000 from input_from_left=0x0000
[PE Horizontal] Time=180000 input_latch <= 0x0000 from input_from_left=0x0000
[PE Horizontal] Time=180000 input_latch <= 0x0000 from input_from_left=0x0000
make[1]: *** [/home/firatkizilboga/.local/lib/python3.13/site-packages/cocotb_tools/makefiles/simulators/Makefile.icarus:67: results.xml] Error 1
make[1]: Leaving directory '/home/firatkizilboga/TinyNPU/verification/cocotb'
make: *** [/home/firatkizilboga/.local/lib/python3.13/site-packages/cocotb_tools/makefiles/Makefile.inc:17: sim] Error 2
